SF:lib/shared/utils/profile_completeness.dart
DA:17,3
DA:31,3
DA:32,0
DA:33,0
DA:35,0
DA:36,0
DA:37,0
DA:38,0
DA:39,0
DA:40,0
DA:43,3
DA:72,3
DA:73,3
DA:74,3
DA:75,3
DA:78,6
DA:79,6
DA:80,6
DA:81,3
DA:83,1
DA:84,1
DA:88,9
DA:89,6
DA:90,6
DA:91,3
DA:93,3
DA:94,3
DA:98,6
DA:99,6
DA:100,6
DA:101,3
DA:103,3
DA:104,3
DA:108,9
DA:109,9
DA:110,12
DA:112,6
DA:115,1
DA:116,1
DA:120,6
DA:121,0
DA:123,6
DA:124,6
DA:125,3
DA:126,3
DA:130,6
DA:131,6
DA:132,6
DA:133,3
DA:134,3
DA:136,3
DA:145,0
DA:146,0
DA:148,0
DA:149,0
DA:151,0
DA:152,0
LF:57
LH:42
end_of_record
SF:lib/data/models/profile.dart
DA:33,0
DA:34,0
DA:35,0
DA:36,0
DA:40,0
DA:41,0
DA:43,0
DA:44,0
DA:48,0
DA:49,0
DA:51,0
DA:52,0
DA:56,0
DA:57,0
DA:59,0
DA:60,0
DA:64,0
DA:65,0
DA:67,0
DA:68,0
DA:72,1
DA:73,2
DA:74,1
DA:75,5
DA:76,1
DA:77,1
DA:81,3
DA:82,3
DA:83,6
DA:84,3
DA:85,9
DA:86,3
DA:88,7
DA:89,0
DA:91,3
DA:92,3
DA:96,6
DA:169,2
DA:170,2
DA:171,0
DA:172,0
DA:173,0
DA:175,0
DA:197,2
DA:198,2
DA:199,0
DA:200,0
DA:223,12
DA:282,4
DA:337,4
DA:338,3
DA:340,4
DA:341,3
DA:343,4
DA:344,4
DA:345,4
DA:347,4
DA:350,4
DA:353,4
DA:356,4
DA:358,4
DA:359,4
DA:360,4
DA:361,4
DA:362,4
DA:364,4
DA:365,4
DA:366,4
DA:368,4
DA:370,4
DA:372,4
DA:375,4
DA:378,4
DA:381,4
DA:384,4
DA:385,4
DA:387,4
DA:390,4
DA:392,4
DA:394,4
DA:395,4
DA:397,4
DA:398,4
DA:400,4
DA:401,4
DA:402,4
DA:403,4
DA:404,4
DA:406,4
DA:408,4
DA:410,4
DA:412,4
DA:414,4
DA:416,4
DA:418,4
DA:420,4
DA:422,4
DA:424,4
DA:426,4
DA:428,4
DA:429,3
DA:430,4
DA:431,4
DA:435,2
DA:436,2
DA:437,2
DA:438,2
DA:439,2
DA:440,2
DA:441,2
DA:442,2
DA:443,2
DA:444,2
DA:445,2
DA:446,2
DA:447,2
DA:448,2
DA:449,2
DA:450,2
DA:451,2
DA:453,2
DA:454,2
DA:455,2
DA:456,2
DA:457,2
DA:458,2
DA:459,2
DA:460,2
DA:461,2
DA:462,2
DA:463,2
DA:464,2
DA:465,2
DA:466,2
DA:467,2
DA:468,2
DA:469,2
DA:470,2
DA:471,2
DA:472,2
DA:473,2
DA:474,2
DA:475,2
DA:476,2
DA:477,2
DA:478,2
DA:479,2
DA:480,2
DA:481,2
DA:482,2
DA:483,2
DA:484,2
DA:485,2
DA:486,2
DA:487,2
DA:488,2
DA:489,2
DA:490,2
LF:158
LH:131
end_of_record
SF:lib/data/models/preferences.dart
DA:33,4
DA:51,2
DA:68,2
DA:69,2
DA:70,2
DA:71,2
DA:72,0
DA:73,2
DA:74,2
DA:75,2
DA:76,2
DA:77,2
DA:78,2
DA:79,2
DA:80,2
DA:81,2
DA:82,2
DA:83,2
DA:87,2
DA:88,2
DA:89,2
DA:90,2
DA:91,2
DA:92,2
DA:93,2
DA:94,2
DA:95,2
DA:96,2
DA:97,2
DA:98,2
DA:99,2
DA:100,2
DA:101,2
DA:102,2
DA:103,2
LF:35
LH:34
end_of_record
SF:lib/core/app_logger.dart
DA:22,0
DA:28,17
DA:31,17
DA:32,17
DA:33,34
DA:39,4
DA:42,4
DA:43,4
DA:44,8
DA:51,2
DA:55,2
DA:56,2
DA:62,4
DA:64,3
DA:74,27
DA:81,27
DA:84,27
DA:91,54
DA:93,42
DA:96,39
DA:100,0
DA:112,1
DA:121,1
DA:122,2
DA:123,1
DA:125,3
DA:131,1
DA:134,1
DA:135,3
DA:141,1
DA:145,2
DA:146,4
DA:153,32
DA:155,4
DA:156,32
DA:159,2
DA:160,14
DA:161,2
LF:38
LH:36
end_of_record
SF:lib/core/services/crash_reporting_service.dart
DA:17,1
DA:27,1
DA:29,2
DA:31,1
DA:33,2
DA:35,1
DA:40,1
DA:42,1
DA:45,1
DA:52,1
DA:61,0
DA:62,0
DA:65,0
DA:76,1
DA:77,1
DA:80,1
DA:83,4
DA:86,1
DA:89,1
DA:91,1
DA:92,1
DA:94,0
DA:98,1
DA:100,1
DA:101,2
DA:103,1
DA:106,2
DA:111,3
DA:112,2
DA:113,2
DA:115,2
DA:121,1
DA:123,2
DA:124,1
DA:126,0
DA:127,0
DA:128,0
DA:131,0
DA:132,0
DA:134,1
DA:143,1
DA:150,2
DA:155,2
DA:156,4
DA:161,2
DA:164,2
DA:171,2
DA:173,2
DA:178,1
DA:179,2
DA:182,2
DA:184,1
DA:185,1
DA:195,1
DA:196,2
DA:199,2
DA:200,1
DA:202,2
DA:207,1
DA:208,2
DA:211,2
DA:213,2
DA:222,1
DA:223,2
DA:226,2
DA:228,2
DA:233,1
DA:234,2
DA:235,3
DA:240,1
DA:241,2
DA:244,2
DA:246,2
DA:255,1
DA:256,2
DA:260,1
DA:265,7
DA:266,1
DA:267,3
DA:272,1
DA:278,2
DA:280,2
DA:282,2
DA:292,1
DA:293,2
DA:294,1
DA:299,2
DA:303,1
DA:304,2
DA:308,1
DA:309,2
DA:313,2
DA:316,3
DA:322,1
DA:327,2
DA:337,1
DA:338,2
DA:339,2
DA:341,2
DA:363,0
DA:367,0
DA:369,0
DA:372,0
DA:379,0
DA:387,0
DA:389,0
DA:392,0
DA:394,0
DA:397,0
DA:399,0
DA:402,0
DA:404,0
DA:407,0
DA:409,0
DA:412,0
DA:414,0
DA:417,0
DA:419,0
LF:118
LH:90
end_of_record
SF:lib/data/models/chat_settings.dart
DA:24,0
DA:31,0
DA:33,2
DA:38,0
DA:43,0
DA:47,0
DA:50,0
DA:51,0
DA:55,0
DA:56,0
DA:57,0
DA:61,0
DA:63,0
DA:64,0
DA:68,2
DA:69,4
LF:16
LH:3
end_of_record
SF:lib/data/models/favourites.dart
DA:16,3
DA:29,1
DA:51,1
DA:52,1
DA:53,0
DA:54,1
DA:55,0
DA:56,1
DA:57,1
DA:58,1
DA:59,1
DA:60,1
DA:63,1
DA:67,1
DA:68,1
DA:69,3
DA:70,1
DA:71,1
DA:72,1
DA:73,1
DA:74,3
DA:75,1
DA:76,1
DA:77,1
DA:78,1
DA:82,1
DA:83,1
DA:84,1
DA:85,1
DA:86,1
DA:87,1
DA:88,1
DA:89,1
DA:90,1
DA:91,1
DA:92,1
DA:93,1
DA:98,1
DA:99,1
DA:100,1
DA:101,1
DA:102,1
DA:103,1
DA:104,1
DA:105,1
DA:106,1
DA:107,1
DA:108,1
DA:111,1
DA:113,2
DA:114,2
DA:115,1
DA:116,1
DA:117,1
DA:118,1
DA:119,1
DA:120,1
DA:121,1
DA:122,2
DA:126,3
DA:127,3
DA:128,3
DA:129,3
DA:130,3
DA:131,3
DA:132,3
DA:133,3
DA:134,3
DA:135,3
DA:136,3
DA:137,3
LF:71
LH:69
end_of_record
SF:lib/data/models/privacy_settings.dart
DA:49,7
DA:95,2
DA:130,1
DA:164,4
DA:195,4
DA:196,1
DA:197,3
DA:198,4
DA:199,4
DA:200,4
DA:201,4
DA:202,4
DA:203,4
DA:204,4
DA:205,4
DA:206,4
DA:207,4
DA:208,4
DA:210,4
DA:211,4
DA:212,4
DA:213,4
DA:214,4
DA:215,4
DA:216,4
DA:217,4
DA:218,4
DA:219,4
DA:220,4
DA:221,4
DA:222,4
DA:223,4
DA:224,4
DA:225,4
DA:229,4
DA:230,4
DA:231,4
DA:232,4
DA:233,4
DA:234,4
DA:235,4
DA:236,4
DA:237,4
DA:238,4
DA:239,4
DA:240,4
DA:241,4
DA:242,4
DA:243,4
DA:244,4
DA:245,4
DA:246,4
DA:247,4
DA:248,4
DA:249,4
DA:250,4
DA:251,4
DA:252,4
DA:253,4
DA:254,4
DA:255,4
DA:256,4
DA:257,4
DA:258,4
DA:259,4
DA:263,4
DA:265,4
DA:266,4
DA:267,4
DA:268,4
DA:269,4
DA:270,4
DA:271,4
DA:272,4
DA:273,4
DA:274,4
DA:275,4
DA:276,4
DA:277,4
DA:278,4
DA:279,4
DA:280,4
DA:281,4
DA:282,4
DA:283,4
DA:284,4
DA:285,4
DA:286,4
DA:287,4
DA:288,4
DA:289,4
DA:290,4
DA:291,4
DA:292,4
DA:293,4
DA:294,4
DA:298,3
DA:299,3
DA:300,3
DA:301,3
DA:302,3
DA:303,3
DA:304,3
DA:305,3
DA:306,3
DA:307,3
DA:308,3
DA:309,3
DA:310,3
DA:311,3
DA:312,3
DA:313,3
DA:314,3
DA:315,3
DA:316,3
DA:317,3
DA:318,3
DA:319,3
DA:320,3
DA:321,3
DA:322,3
DA:323,3
DA:324,3
DA:325,3
DA:326,3
DA:327,3
DA:328,3
LF:127
LH:127
end_of_record
SF:lib/data/models/profile_prompt.dart
DA:7,2
DA:23,9
DA:26,3
DA:29,3
DA:31,1
DA:36,1
DA:37,1
DA:38,0
DA:39,1
DA:43,2
DA:44,2
DA:45,4
DA:46,4
DA:47,5
DA:51,2
DA:52,2
DA:53,2
DA:54,2
DA:55,2
DA:56,2
DA:61,1
DA:62,4
DA:67,0
DA:312,1
DA:313,5
DA:317,2
DA:327,1
DA:329,1
DA:331,1
DA:333,1
DA:335,1
DA:337,1
DA:339,1
DA:347,3
DA:348,3
DA:349,9
DA:350,1
DA:357,3
DA:361,1
DA:362,1
DA:363,3
DA:364,1
DA:371,1
DA:375,1
DA:376,1
DA:377,3
DA:378,1
DA:385,1
DA:389,1
DA:391,4
DA:393,1
DA:394,1
DA:402,2
LF:53
LH:51
end_of_record
SF:lib/data/models/subscription.dart
DA:7,4
DA:8,10
DA:12,3
LF:3
LH:3
end_of_record
SF:lib/data/models/user.dart
DA:26,2
DA:27,2
DA:29,8
DA:30,2
DA:34,2
DA:35,2
DA:37,8
DA:38,4
DA:41,10
DA:59,12
DA:61,0
DA:64,5
DA:65,5
DA:66,5
DA:67,18
DA:71,4
DA:72,4
DA:73,4
DA:74,12
DA:78,2
DA:79,2
DA:80,2
DA:81,2
DA:87,6
DA:103,6
DA:104,6
DA:105,6
DA:106,6
DA:107,6
DA:109,6
DA:111,6
DA:112,6
DA:113,6
DA:114,6
DA:115,5
DA:116,6
DA:117,5
DA:118,6
DA:120,6
DA:124,4
DA:125,4
DA:126,4
DA:127,4
DA:128,4
DA:129,4
DA:130,4
DA:131,4
DA:132,4
DA:133,4
DA:134,4
DA:135,4
DA:136,4
DA:137,4
DA:138,4
DA:139,4
LF:55
LH:54
end_of_record
SF:lib/features/auth/domain/repositories/auth_repository.dart
DA:13,1
DA:15,1
DA:17,1
DA:19,1
DA:21,1
DA:23,1
DA:25,0
LF:7
LH:6
end_of_record
SF:lib/features/auth/data/repositories/impl/stub_auth_repository.dart
DA:28,0
DA:31,0
DA:34,0
DA:37,1
DA:40,2
DA:43,1
DA:45,1
DA:49,2
DA:50,2
DA:54,2
DA:55,4
DA:61,2
DA:64,2
DA:67,6
DA:71,2
DA:78,2
DA:83,2
DA:85,4
DA:87,1
DA:90,4
DA:91,1
DA:95,10
DA:96,0
DA:97,0
DA:100,4
DA:103,2
DA:104,2
DA:109,2
DA:117,1
DA:119,1
DA:122,3
DA:126,1
DA:132,1
DA:137,1
DA:140,1
DA:141,1
DA:146,1
DA:154,1
DA:159,1
DA:161,1
DA:163,1
DA:167,4
DA:168,1
DA:169,1
DA:172,1
DA:176,2
DA:181,2
DA:184,2
DA:185,1
DA:186,1
DA:189,1
DA:193,8
DA:194,2
DA:195,1
DA:198,2
DA:202,1
DA:204,1
DA:206,2
DA:207,1
DA:208,1
DA:210,1
DA:212,1
DA:218,1
DA:222,3
DA:228,3
DA:231,3
DA:233,1
DA:237,3
DA:239,1
DA:243,3
DA:250,12
DA:252,3
DA:260,1
DA:266,1
DA:268,2
DA:269,3
DA:274,1
DA:280,1
DA:288,1
DA:290,2
DA:291,2
DA:294,1
DA:297,3
DA:298,1
DA:301,5
DA:302,0
DA:303,0
DA:306,2
DA:310,1
DA:311,1
DA:312,1
DA:314,1
DA:319,1
DA:320,1
DA:321,1
DA:322,2
DA:326,1
DA:331,1
DA:335,1
DA:336,0
DA:338,1
DA:341,1
DA:348,2
DA:350,2
DA:352,2
DA:358,8
DA:362,2
DA:366,2
DA:371,2
DA:373,6
DA:375,1
DA:378,4
DA:379,1
DA:383,6
DA:386,6
DA:391,1
DA:397,1
DA:399,3
DA:400,1
DA:401,1
DA:404,1
DA:406,0
DA:410,4
DA:413,3
DA:414,3
DA:421,2
DA:423,2
DA:424,4
DA:425,4
DA:432,0
DA:435,0
DA:438,1
DA:441,1
DA:442,0
DA:443,0
DA:444,0
DA:453,1
DA:455,1
DA:463,3
DA:464,3
DA:465,3
DA:466,3
DA:467,6
DA:470,3
DA:471,3
DA:472,6
DA:475,2
DA:476,2
DA:477,2
DA:479,2
DA:482,3
DA:483,3
DA:484,5
DA:485,10
DA:486,2
DA:492,2
DA:493,2
DA:494,3
DA:495,2
DA:496,1
DA:502,3
DA:503,3
DA:504,5
DA:505,8
DA:506,2
DA:507,2
DA:513,3
DA:520,9
DA:522,3
DA:534,3
DA:535,6
DA:536,3
DA:541,3
DA:542,3
DA:543,9
DA:544,3
DA:546,12
DA:547,3
DA:548,6
DA:552,3
DA:553,3
DA:554,9
DA:557,3
DA:558,9
DA:559,3
DA:561,6
DA:564,3
DA:566,3
DA:567,2
DA:568,2
DA:569,2
DA:570,2
DA:571,2
DA:572,2
DA:573,2
DA:574,2
DA:576,6
DA:577,2
DA:578,2
DA:580,2
DA:581,4
DA:582,4
DA:583,2
DA:584,4
DA:585,5
DA:586,2
DA:587,2
DA:588,2
DA:589,3
DA:590,3
DA:591,2
DA:592,2
DA:593,2
DA:594,2
DA:595,4
DA:596,2
DA:597,2
DA:598,2
DA:599,2
DA:600,2
DA:601,2
DA:602,2
DA:603,2
DA:604,2
DA:605,2
DA:606,2
DA:607,2
DA:608,2
DA:609,2
DA:610,2
DA:611,5
DA:612,2
DA:613,2
DA:614,4
DA:615,4
DA:616,6
DA:617,2
DA:618,4
DA:619,4
DA:620,4
DA:621,4
DA:622,4
DA:623,4
DA:624,4
DA:626,2
DA:627,2
DA:632,3
DA:633,3
DA:634,3
DA:635,3
DA:636,3
DA:637,3
DA:638,3
DA:639,3
DA:640,6
DA:644,3
DA:645,3
DA:646,3
DA:650,3
DA:652,3
DA:653,1
DA:654,1
DA:655,1
DA:656,1
DA:657,1
DA:658,1
DA:659,1
DA:660,1
DA:661,2
DA:662,2
DA:663,1
DA:664,1
DA:665,1
DA:666,1
DA:667,1
DA:669,1
DA:670,1
DA:671,1
DA:672,1
DA:673,1
DA:674,1
DA:675,1
DA:676,1
DA:677,1
DA:678,1
DA:679,1
DA:680,1
DA:681,1
DA:682,1
DA:683,1
DA:684,1
DA:685,1
DA:686,1
DA:687,1
DA:688,1
DA:689,1
DA:690,1
DA:691,1
DA:692,1
DA:693,1
DA:694,1
DA:695,1
DA:696,1
DA:697,1
DA:698,2
DA:699,2
DA:700,2
DA:701,2
DA:702,2
DA:703,2
DA:704,2
DA:705,2
DA:706,2
DA:707,2
DA:709,2
DA:713,3
DA:714,3
DA:715,3
DA:716,3
DA:717,3
DA:718,3
DA:719,3
DA:720,3
DA:721,6
DA:723,3
DA:724,3
DA:725,3
DA:733,1
DA:735,1
DA:737,4
DA:739,3
DA:740,2
DA:744,1
DA:749,1
DA:751,1
DA:752,1
DA:757,5
DA:758,1
DA:759,1
DA:763,2
DA:764,3
DA:767,1
DA:769,1
DA:771,1
DA:772,1
DA:776,1
DA:779,1
DA:784,1
DA:786,1
DA:787,1
DA:792,5
DA:793,1
DA:794,1
DA:798,2
DA:799,1
DA:800,1
DA:801,1
DA:804,3
DA:806,1
DA:809,3
DA:811,3
DA:814,3
DA:815,2
DA:817,1
DA:819,1
DA:824,3
DA:825,1
DA:828,9
DA:829,6
DA:830,9
DA:831,3
DA:834,2
DA:836,4
DA:839,2
DA:841,2
DA:842,4
DA:847,3
DA:848,6
DA:865,2
LF:379
LH:365
end_of_record
SF:lib/features/settings/presentation/bloc/storage_settings_cubit.dart
DA:8,1
DA:18,1
DA:23,1
DA:24,1
DA:26,1
DA:27,1
DA:33,1
DA:35,2
DA:45,1
DA:46,1
DA:47,1
DA:48,1
DA:49,1
DA:53,1
DA:54,1
DA:55,3
DA:58,1
DA:59,3
DA:62,1
DA:63,3
DA:66,1
DA:69,1
DA:70,1
DA:72,1
DA:73,2
DA:75,1
DA:76,1
DA:77,1
DA:78,1
DA:81,0
DA:82,0
DA:88,1
DA:89,4
DA:90,1
DA:91,2
DA:93,1
DA:94,1
DA:95,0
DA:96,0
DA:99,0
DA:100,0
DA:105,1
DA:107,2
DA:111,3
DA:114,1
DA:115,1
DA:116,3
DA:117,3
DA:118,3
LF:49
LH:43
end_of_record
SF:lib/features/social/data/services/date_idea_service.dart
DA:6,2
DA:7,6
DA:10,3
DA:15,4
DA:16,2
DA:19,2
DA:24,2
DA:25,2
DA:29,1
DA:30,1
DA:34,1
DA:35,1
DA:39,2
DA:40,4
DA:41,6
DA:42,2
DA:46,2
DA:54,2
DA:56,2
DA:60,10
DA:66,4
DA:67,2
DA:68,8
DA:69,2
DA:73,1
DA:75,5
DA:81,0
DA:82,0
DA:83,0
DA:84,0
DA:88,2
DA:89,6
DA:90,6
DA:92,2
DA:96,2
DA:97,12
DA:98,4
DA:104,2
DA:105,10
DA:110,2
DA:111,10
DA:115,1
DA:121,1
DA:125,2
DA:126,4
DA:127,2
DA:128,2
DA:129,2
DA:134,2
DA:135,2
DA:136,4
DA:137,6
DA:138,6
DA:139,10
DA:140,2
DA:143,1
DA:144,2
DA:145,2
DA:146,3
DA:149,0
DA:150,0
LF:61
LH:55
end_of_record
SF:lib/features/social/data/models/date_idea.dart
DA:5,2
DA:57,1
DA:58,1
DA:59,2
DA:60,3
DA:61,3
DA:62,2
DA:63,1
DA:67,3
DA:69,1
DA:70,1
DA:71,1
DA:72,1
DA:73,1
DA:74,2
DA:75,1
DA:76,2
DA:77,2
DA:78,1
DA:79,1
DA:80,1
DA:81,5
DA:82,1
DA:86,1
DA:87,1
DA:88,1
DA:89,1
DA:90,1
DA:91,1
DA:92,4
DA:93,0
DA:95,1
DA:96,1
DA:97,1
DA:98,4
DA:99,0
DA:102,1
DA:103,2
DA:106,4
DA:107,0
DA:108,1
DA:109,1
DA:110,1
DA:111,1
DA:112,0
DA:113,1
DA:114,3
DA:115,3
DA:116,0
DA:118,1
DA:119,0
DA:120,1
DA:121,0
DA:122,0
DA:123,0
DA:125,0
DA:129,0
DA:130,0
DA:131,0
DA:132,0
DA:133,0
DA:134,0
DA:135,0
DA:136,0
DA:137,0
DA:138,0
DA:139,0
DA:140,0
DA:141,0
DA:142,0
DA:161,1
DA:163,1
DA:165,1
DA:167,1
DA:169,1
DA:171,1
DA:173,1
DA:175,1
DA:177,1
DA:179,1
DA:181,1
DA:186,1
DA:188,1
DA:190,1
DA:192,1
DA:194,1
DA:196,1
DA:198,1
DA:200,1
DA:202,1
DA:204,1
DA:206,1
DA:222,1
DA:224,1
DA:226,1
DA:228,1
DA:230,1
DA:232,1
DA:237,1
DA:239,1
DA:241,1
DA:243,1
DA:245,1
DA:247,1
DA:263,0
DA:265,0
DA:267,0
DA:269,0
DA:271,0
DA:273,0
DA:289,0
DA:419,2
DA:420,10
DA:424,2
DA:425,10
DA:429,2
DA:431,4
DA:432,2
DA:433,8
DA:434,2
DA:438,2
DA:439,4
DA:440,4
LF:123
LH:92
end_of_record
SF:lib/features/profile/data/repositories/impl/stub_profile_repository.dart
DA:21,2
DA:23,4
DA:26,2
DA:27,2
DA:30,4
DA:31,2
DA:34,2
DA:37,2
DA:49,2
DA:51,2
DA:53,1
DA:57,2
DA:58,2
DA:60,2
DA:61,2
DA:62,2
DA:64,1
DA:68,1
DA:72,2
DA:74,1
DA:75,2
DA:76,1
DA:77,2
DA:80,2
DA:81,5
DA:82,0
DA:84,2
DA:86,0
DA:90,0
DA:91,0
DA:92,1
DA:93,3
DA:94,3
DA:95,3
DA:96,3
DA:97,1
DA:98,1
DA:99,1
DA:100,1
DA:101,1
DA:102,1
DA:103,3
DA:104,1
DA:105,1
DA:106,1
DA:107,1
DA:108,1
DA:109,1
DA:110,1
DA:111,1
DA:112,1
DA:113,1
DA:114,1
DA:115,1
DA:117,1
DA:136,2
DA:138,2
DA:140,2
DA:141,0
DA:145,1
DA:146,1
DA:147,1
DA:148,2
DA:152,1
DA:155,2
DA:161,2
DA:165,2
DA:182,2
DA:184,2
DA:186,1
DA:189,2
DA:191,1
DA:195,2
DA:196,2
DA:197,2
DA:199,1
DA:201,1
DA:205,1
DA:208,2
DA:212,4
DA:213,0
DA:215,2
DA:224,0
DA:225,0
DA:226,1
DA:227,1
DA:230,2
DA:231,2
DA:235,0
DA:237,0
DA:242,1
DA:244,1
DA:246,1
DA:248,1
DA:251,1
DA:253,1
DA:256,1
DA:257,1
DA:262,1
DA:266,1
DA:268,1
DA:270,1
DA:272,1
DA:275,1
DA:276,1
DA:280,1
DA:282,1
DA:284,1
DA:287,1
DA:288,1
DA:291,1
DA:293,1
DA:295,1
DA:297,1
DA:300,1
DA:301,1
DA:302,1
DA:306,1
DA:307,1
DA:309,1
DA:312,1
DA:313,1
DA:314,1
DA:315,2
DA:318,1
DA:321,1
DA:327,1
DA:331,1
DA:333,1
DA:335,1
DA:337,1
DA:340,1
DA:344,1
DA:352,2
DA:353,2
DA:354,2
DA:356,4
DA:357,0
DA:359,6
DA:360,4
DA:363,2
DA:365,2
DA:366,2
DA:367,2
DA:368,2
DA:369,2
DA:370,2
DA:371,2
DA:372,2
DA:373,2
DA:374,2
DA:376,6
DA:377,2
DA:378,0
DA:380,2
DA:381,0
DA:383,2
DA:384,4
DA:385,4
DA:386,2
DA:387,4
DA:388,2
DA:389,4
DA:390,2
DA:391,1
DA:392,2
DA:393,2
DA:394,2
DA:395,2
DA:396,2
DA:397,2
DA:398,5
DA:399,2
DA:400,2
DA:401,2
DA:402,2
DA:403,2
DA:404,2
DA:405,2
DA:406,2
DA:407,2
DA:408,2
DA:409,2
DA:410,2
DA:411,2
DA:412,4
DA:413,4
DA:414,6
DA:415,2
DA:416,5
DA:417,4
DA:418,4
DA:419,4
DA:420,4
DA:421,4
DA:422,4
DA:424,2
DA:425,2
DA:430,2
DA:431,2
DA:432,2
DA:433,2
DA:434,2
DA:435,2
DA:436,2
DA:438,2
DA:439,2
DA:440,2
DA:441,4
DA:444,4
DA:446,2
DA:447,2
DA:448,2
DA:452,2
DA:454,2
DA:455,2
DA:456,2
DA:457,2
DA:458,2
DA:459,2
DA:460,2
DA:461,2
DA:462,2
DA:463,4
DA:464,2
DA:465,2
DA:466,2
DA:467,2
DA:468,2
DA:469,2
DA:470,2
DA:471,8
DA:472,2
DA:473,2
DA:474,2
DA:475,2
DA:476,2
DA:477,2
DA:478,2
DA:479,2
DA:480,2
DA:481,2
DA:482,2
DA:483,2
DA:484,2
DA:485,2
DA:486,2
DA:487,2
DA:488,2
DA:489,2
DA:490,2
DA:491,2
DA:492,4
DA:493,4
DA:494,4
DA:495,4
DA:496,4
DA:497,4
DA:498,4
DA:499,4
DA:500,4
DA:501,4
DA:503,4
DA:507,2
DA:508,2
DA:509,2
DA:510,2
DA:511,2
DA:512,3
DA:513,2
DA:514,2
DA:515,2
DA:516,4
DA:517,2
DA:519,2
DA:520,2
DA:521,2
LF:277
LH:264
end_of_record
SF:lib/core/constants/validation_constants.dart
DA:6,0
LF:1
LH:0
end_of_record
SF:lib/core/security/input_sanitizer.dart
DA:27,3
DA:28,3
DA:32,6
DA:35,3
DA:39,6
DA:40,1
DA:47,3
DA:48,3
DA:50,3
DA:53,3
DA:56,6
DA:58,3
DA:62,3
DA:63,3
DA:65,3
DA:68,3
DA:71,3
DA:77,1
DA:78,1
DA:80,1
DA:81,1
DA:84,2
DA:86,1
DA:90,2
DA:91,2
DA:94,2
DA:95,2
DA:98,4
DA:100,2
DA:104,3
DA:105,3
DA:107,3
DA:108,3
DA:111,6
DA:113,3
DA:117,3
DA:118,3
DA:121,9
DA:122,9
DA:123,3
DA:124,3
DA:129,3
DA:130,3
DA:132,3
DA:135,3
DA:136,3
DA:137,4
DA:150,3
DA:151,6
DA:156,12
DA:161,3
DA:162,6
DA:168,0
DA:175,3
DA:177,4
DA:180,9
DA:181,6
DA:182,3
DA:183,3
DA:184,3
DA:188,1
DA:189,1
DA:192,2
DA:195,2
DA:196,1
DA:199,1
DA:203,1
DA:204,1
DA:206,2
DA:210,1
DA:211,1
DA:216,2
DA:224,3
DA:225,3
DA:227,6
DA:230,6
DA:233,6
DA:234,1
DA:241,3
DA:242,6
DA:246,3
DA:248,3
DA:249,3
DA:250,3
DA:251,3
DA:252,3
DA:256,3
DA:258,6
DA:263,1
DA:265,2
DA:270,1
DA:272,3
DA:276,1
DA:278,3
LF:94
LH:93
end_of_record
SF:lib/features/verification/data/models/photo_verification.dart
DA:5,1
DA:51,3
DA:54,3
DA:57,3
DA:59,1
DA:70,1
DA:71,1
DA:72,0
DA:73,1
DA:74,1
DA:75,1
DA:76,1
DA:77,0
DA:78,1
DA:79,1
DA:83,1
DA:84,1
DA:85,1
DA:86,2
DA:87,2
DA:88,2
DA:89,1
DA:90,2
DA:91,1
DA:92,1
DA:93,1
DA:97,1
DA:98,1
DA:99,1
DA:100,1
DA:101,4
DA:102,1
DA:104,1
DA:105,2
DA:107,1
DA:108,2
DA:110,1
DA:111,1
DA:112,1
DA:113,4
DA:114,0
DA:117,2
DA:118,1
DA:119,1
DA:123,1
DA:124,1
DA:125,1
DA:126,1
DA:127,1
DA:128,1
DA:129,1
DA:130,1
DA:131,1
DA:132,1
DA:133,1
DA:158,1
DA:160,1
DA:162,1
DA:164,1
DA:166,1
DA:168,1
DA:170,1
DA:175,1
DA:177,1
DA:179,1
DA:181,1
DA:183,1
DA:185,1
DA:187,1
DA:192,1
DA:194,1
DA:196,1
DA:198,1
DA:200,1
DA:202,1
DA:204,1
LF:76
LH:73
end_of_record
SF:lib/features/verification/data/services/photo_verification_service.dart
DA:7,1
DA:8,3
DA:14,1
DA:15,2
DA:16,3
DA:21,2
DA:22,2
DA:25,1
DA:27,5
DA:28,3
DA:29,1
DA:33,1
DA:34,2
DA:36,2
DA:39,1
DA:40,1
DA:43,3
DA:44,1
DA:48,1
DA:52,2
DA:53,1
DA:57,1
DA:60,4
DA:61,1
DA:63,3
DA:68,1
DA:70,3
DA:73,3
DA:74,1
DA:78,1
DA:80,1
DA:81,1
DA:85,1
DA:86,1
DA:87,1
DA:91,1
DA:92,1
DA:94,2
DA:95,2
DA:97,2
DA:100,1
DA:101,3
DA:104,0
DA:105,0
DA:106,0
LF:45
LH:42
end_of_record
SF:lib/features/verification/domain/usecases/start_verification.dart
DA:10,1
DA:19,1
DA:20,0
DA:22,1
DA:24,3
DA:30,1
DA:32,1
DA:33,4
LF:8
LH:7
end_of_record
SF:lib/domain/use_cases/use_case.dart
DA:23,1
DA:38,4
DA:40,4
DA:42,4
DA:44,4
LF:5
LH:5
end_of_record
SF:lib/features/verification/domain/usecases/submit_selfie.dart
DA:11,1
DA:22,1
DA:23,0
DA:25,1
DA:27,3
DA:30,3
DA:36,1
DA:38,1
DA:39,3
DA:40,1
DA:41,1
LF:11
LH:10
end_of_record
SF:lib/features/verification/domain/usecases/get_verification_status.dart
DA:10,1
DA:19,1
DA:20,0
DA:22,1
DA:24,3
DA:30,1
DA:33,1
DA:34,4
LF:8
LH:7
end_of_record
SF:lib/features/verification/domain/usecases/get_random_pose.dart
DA:10,1
DA:11,0
DA:13,1
DA:15,1
DA:16,3
LF:5
LH:4
end_of_record
SF:lib/features/verification/domain/usecases/reset_verification.dart
DA:9,1
DA:10,0
DA:12,1
DA:14,1
DA:15,3
LF:5
LH:4
end_of_record
SF:lib/features/verification/domain/usecases/is_user_verified.dart
DA:9,1
DA:17,1
DA:18,0
DA:20,1
DA:22,3
DA:28,1
DA:30,1
DA:31,4
LF:8
LH:7
end_of_record
SF:lib/core/errors.dart
DA:4,1
DA:9,1
DA:10,3
LF:3
LH:3
end_of_record
SF:lib/core/utils/result.dart
DA:12,15
DA:15,0
DA:18,1
DA:19,1
DA:21,30
DA:23,15
DA:29,15
DA:30,15
DA:32,12
DA:36,24
DA:40,12
DA:41,1
DA:42,1
DA:44,12
LF:14
LH:13
end_of_record
SF:lib/features/calls/data/models/call.dart
DA:5,2
DA:71,1
DA:72,4
DA:75,3
DA:78,1
DA:79,1
DA:80,2
DA:81,2
DA:82,3
DA:85,2
DA:101,2
DA:102,2
DA:103,2
DA:104,2
DA:105,2
DA:106,1
DA:107,2
DA:108,2
DA:109,2
DA:110,1
DA:111,1
DA:112,2
DA:113,2
DA:114,2
DA:115,2
DA:119,1
DA:120,1
DA:121,1
DA:122,1
DA:123,1
DA:124,2
DA:125,2
DA:126,2
DA:127,1
DA:128,1
DA:129,1
DA:130,2
DA:131,1
DA:132,1
DA:133,1
DA:134,1
DA:138,1
DA:139,1
DA:140,1
DA:141,1
DA:142,1
DA:143,1
DA:144,4
DA:145,1
DA:147,1
DA:148,4
DA:149,1
DA:151,2
DA:152,1
DA:153,0
DA:155,1
DA:156,0
DA:158,1
DA:159,1
DA:160,1
DA:161,4
DA:162,1
DA:165,1
DA:166,1
DA:167,1
DA:168,1
DA:172,1
DA:173,1
DA:174,1
DA:175,1
DA:176,1
DA:177,1
DA:178,1
DA:179,1
DA:180,1
DA:181,1
DA:182,1
DA:183,1
DA:184,1
DA:185,1
DA:186,1
DA:187,1
DA:222,1
DA:224,1
DA:226,1
DA:228,1
DA:230,1
DA:232,1
DA:234,1
DA:236,1
DA:238,1
DA:240,1
LF:92
LH:90
end_of_record
SF:lib/features/calls/data/services/call_service.dart
DA:7,1
DA:8,3
DA:13,3
DA:14,3
DA:26,2
DA:27,2
DA:28,2
DA:29,2
DA:30,2
DA:31,2
DA:34,1
DA:43,1
DA:44,1
DA:47,2
DA:48,1
DA:53,1
DA:60,2
DA:61,3
DA:62,2
DA:65,1
DA:67,1
DA:71,1
DA:72,1
DA:74,3
DA:76,1
DA:79,3
DA:80,2
DA:81,1
DA:85,1
DA:86,1
DA:88,3
DA:90,1
DA:94,3
DA:95,2
DA:96,1
DA:100,1
DA:101,1
DA:103,3
DA:105,1
DA:106,1
DA:110,3
DA:111,2
DA:112,1
DA:116,1
DA:117,2
DA:118,1
DA:122,1
DA:123,2
DA:124,1
DA:128,1
DA:129,3
DA:130,2
DA:131,1
DA:135,1
DA:136,3
DA:137,2
DA:138,1
DA:142,1
DA:143,1
DA:148,1
DA:149,3
DA:150,2
DA:153,1
DA:154,0
DA:155,0
DA:161,1
DA:163,1
DA:164,1
DA:167,1
DA:169,2
DA:170,3
DA:171,0
DA:176,1
DA:177,1
DA:178,1
DA:179,3
DA:180,4
DA:181,2
DA:182,4
DA:183,3
DA:188,0
DA:189,0
DA:191,0
DA:193,0
DA:197,0
DA:198,0
DA:199,0
DA:202,1
DA:203,1
DA:204,3
DA:208,1
DA:209,2
DA:210,1
DA:211,1
DA:212,1
DA:213,1
DA:214,1
DA:215,1
DA:218,2
DA:219,1
DA:223,1
DA:224,5
DA:227,0
DA:228,0
DA:229,0
DA:230,0
LF:106
LH:92
end_of_record
SF:lib/features/discovery/data/services/weekly_picks_service.dart
DA:7,2
DA:8,6
DA:11,3
DA:15,4
DA:16,8
DA:17,6
DA:20,2
DA:22,2
DA:24,2
DA:26,8
DA:27,2
DA:29,4
DA:31,8
DA:32,8
DA:33,2
DA:37,6
DA:40,2
DA:42,2
DA:46,2
DA:47,2
DA:49,6
DA:50,6
DA:54,2
DA:55,2
DA:57,6
DA:58,6
DA:62,2
DA:63,6
DA:67,2
DA:68,6
DA:72,2
DA:73,2
DA:74,4
DA:75,12
DA:76,2
DA:80,2
DA:81,5
DA:85,1
DA:86,1
DA:90,2
DA:91,3
DA:95,6
DA:97,2
DA:98,4
DA:99,4
DA:101,2
DA:102,0
DA:103,0
DA:108,2
DA:111,4
DA:112,2
DA:113,2
DA:114,6
DA:115,6
DA:116,6
DA:117,2
DA:122,2
DA:123,2
DA:136,2
DA:137,10
DA:140,1
DA:141,1
DA:144,0
DA:145,0
LF:64
LH:60
end_of_record
SF:lib/features/discovery/data/models/weekly_picks.dart
DA:6,3
DA:41,3
DA:42,3
DA:43,12
DA:47,18
DA:50,12
DA:53,12
DA:56,3
DA:57,3
DA:58,3
DA:60,3
DA:61,6
DA:63,3
DA:64,3
DA:66,0
DA:70,3
DA:79,3
DA:80,3
DA:81,3
DA:82,3
DA:83,3
DA:84,0
DA:85,3
DA:86,3
DA:91,3
DA:92,6
DA:93,12
DA:97,3
DA:98,6
DA:99,3
DA:100,9
DA:102,15
DA:106,2
DA:107,2
DA:108,2
DA:109,4
DA:110,4
DA:111,10
DA:112,2
DA:113,2
DA:114,3
DA:118,2
DA:119,2
DA:120,2
DA:121,4
DA:122,4
DA:123,2
DA:124,6
DA:125,2
DA:126,2
DA:127,3
DA:128,2
DA:129,0
DA:130,2
DA:131,2
DA:132,2
DA:133,0
DA:134,2
DA:135,2
DA:140,2
DA:141,2
DA:142,2
DA:143,2
DA:144,2
DA:145,2
DA:146,2
DA:147,2
DA:148,2
DA:154,3
DA:186,6
DA:188,1
DA:197,1
DA:198,1
DA:199,1
DA:200,1
DA:201,1
DA:202,0
DA:203,1
DA:205,1
DA:209,2
DA:210,2
DA:211,2
DA:212,2
DA:213,4
DA:214,2
DA:215,2
DA:216,2
DA:220,2
DA:221,2
DA:222,2
DA:223,2
DA:224,2
DA:225,8
DA:226,2
DA:228,2
DA:229,2
DA:230,4
DA:231,2
DA:232,2
DA:233,2
DA:237,2
DA:238,2
DA:239,2
DA:240,2
DA:241,2
DA:242,2
DA:243,2
DA:244,2
DA:245,2
DA:263,2
DA:265,2
DA:267,2
DA:269,2
DA:271,2
DA:273,2
DA:275,2
DA:277,2
DA:279,2
DA:281,2
DA:286,2
DA:288,2
DA:290,2
DA:292,2
DA:294,2
DA:296,2
DA:298,2
DA:300,2
DA:302,2
DA:304,2
LF:129
LH:124
end_of_record
SF:lib/features/discovery/data/models/daily_likes_limit.dart
DA:5,3
DA:42,8
DA:45,3
DA:46,3
DA:47,12
DA:48,9
DA:52,3
DA:53,3
DA:54,9
DA:58,18
DA:61,3
DA:62,3
DA:63,6
DA:67,2
DA:68,2
DA:69,8
DA:73,3
DA:74,3
DA:75,15
DA:76,3
DA:80,2
DA:81,2
DA:82,2
DA:83,4
DA:85,2
DA:86,0
DA:88,2
DA:92,3
DA:100,3
DA:101,3
DA:102,3
DA:103,3
DA:104,3
DA:105,3
DA:106,3
DA:111,3
DA:112,9
DA:116,3
DA:117,9
DA:120,1
DA:121,1
DA:122,1
DA:123,2
DA:124,1
DA:125,1
DA:126,1
DA:127,1
DA:131,1
DA:132,1
DA:133,1
DA:134,2
DA:135,1
DA:136,1
DA:137,1
DA:138,1
DA:143,3
DA:148,3
DA:149,3
DA:151,12
DA:157,1
DA:158,1
DA:159,1
DA:160,1
DA:161,1
DA:162,1
DA:163,1
DA:164,1
LF:67
LH:66
end_of_record
SF:lib/features/discovery/data/services/daily_likes_service.dart
DA:6,2
DA:11,2
DA:12,3
DA:14,1
DA:18,1
DA:27,3
DA:32,4
DA:33,6
DA:34,5
DA:35,5
DA:36,2
DA:39,2
DA:45,4
DA:47,4
DA:53,6
DA:56,2
DA:58,2
DA:62,2
DA:63,2
DA:71,4
DA:72,1
DA:76,2
DA:80,6
DA:81,6
DA:84,2
DA:86,4
DA:87,2
DA:90,3
DA:95,2
DA:96,2
DA:104,4
DA:105,2
DA:109,4
DA:113,6
DA:114,6
DA:115,2
DA:117,2
DA:119,4
DA:125,2
DA:126,2
DA:128,6
DA:129,6
DA:133,2
DA:134,2
DA:136,6
DA:137,6
DA:139,6
DA:143,1
DA:144,1
DA:146,2
DA:147,2
DA:148,2
DA:152,3
DA:153,1
DA:157,1
DA:158,2
DA:162,1
DA:163,2
DA:167,1
DA:168,2
DA:171,2
DA:172,4
DA:173,4
DA:174,4
DA:178,6
DA:179,0
DA:183,2
DA:187,1
DA:188,2
DA:189,2
DA:195,2
LF:71
LH:70
end_of_record
SF:lib/features/calls/data/repositories/call_repository.dart
DA:18,2
DA:38,2
LF:2
LH:2
end_of_record
SF:lib/features/calls/data/repositories/impl/stub_call_repository.dart
DA:14,1
DA:20,1
DA:22,1
DA:23,2
DA:24,1
DA:27,3
DA:32,1
DA:33,5
DA:34,0
DA:35,0
DA:37,0
DA:42,1
DA:50,1
DA:52,1
DA:53,2
DA:56,3
DA:61,1
DA:62,2
DA:64,1
DA:65,2
DA:66,2
LF:21
LH:18
end_of_record
SF:lib/features/analytics/data/models/profile_insights.dart
DA:5,3
DA:65,10
DA:68,2
DA:69,8
DA:72,2
DA:73,2
DA:74,4
DA:75,4
DA:76,2
DA:77,4
DA:81,2
DA:82,2
DA:83,2
DA:84,2
DA:85,4
DA:86,2
DA:87,4
DA:91,2
DA:92,6
DA:93,6
DA:94,12
DA:95,2
DA:98,3
DA:114,3
DA:115,3
DA:116,3
DA:117,3
DA:118,2
DA:119,3
DA:120,2
DA:121,3
DA:122,3
DA:123,3
DA:124,3
DA:125,3
DA:126,3
DA:127,3
DA:128,3
DA:132,2
DA:133,2
DA:134,2
DA:135,4
DA:136,4
DA:137,2
DA:138,2
DA:139,2
DA:140,2
DA:141,2
DA:142,2
DA:143,4
DA:144,2
DA:145,2
DA:146,3
DA:147,10
DA:151,2
DA:152,2
DA:153,2
DA:154,4
DA:155,4
DA:156,2
DA:157,2
DA:158,2
DA:159,2
DA:160,4
DA:161,4
DA:162,2
DA:163,4
DA:165,2
DA:166,2
DA:167,4
DA:168,2
DA:169,1
DA:170,2
DA:171,1
DA:172,1
DA:174,2
DA:175,6
DA:176,2
DA:177,1
DA:181,2
DA:182,2
DA:183,2
DA:184,2
DA:185,2
DA:186,2
DA:187,2
DA:188,2
DA:189,2
DA:190,2
DA:191,2
DA:192,2
DA:193,2
DA:194,2
DA:195,2
DA:196,2
DA:202,3
DA:214,2
DA:215,2
DA:216,4
DA:217,2
DA:218,2
DA:219,2
DA:223,2
DA:224,2
DA:225,4
DA:226,2
DA:227,2
DA:228,2
DA:232,2
DA:233,10
DA:238,2
DA:253,2
DA:254,2
DA:255,2
DA:256,2
DA:257,2
DA:261,2
DA:262,2
DA:263,2
DA:264,6
DA:265,1
DA:266,2
DA:267,4
DA:268,2
DA:269,1
DA:270,2
DA:271,6
DA:272,1
DA:276,2
DA:277,8
LF:130
LH:130
end_of_record
SF:lib/features/analytics/data/services/profile_insights_service.dart
DA:7,2
DA:8,6
DA:11,6
DA:15,2
DA:18,2
DA:20,2
DA:22,2
DA:23,2
DA:26,4
DA:30,6
DA:31,6
DA:32,6
DA:33,4
DA:34,8
DA:35,8
DA:36,8
DA:37,4
DA:38,12
DA:39,2
DA:40,2
DA:43,6
DA:44,2
DA:48,2
DA:49,2
DA:53,2
DA:58,2
DA:60,4
DA:64,6
DA:65,6
DA:66,6
DA:67,4
DA:68,8
DA:69,8
DA:70,8
DA:71,4
DA:72,12
DA:73,2
DA:74,2
DA:77,6
DA:78,2
DA:82,2
DA:83,2
DA:85,6
DA:86,6
DA:89,6
DA:94,2
DA:95,2
DA:97,6
DA:98,6
DA:100,6
DA:101,4
DA:104,6
DA:108,2
DA:109,2
DA:111,6
DA:112,6
DA:115,6
DA:119,2
DA:120,3
DA:123,4
DA:124,2
DA:126,6
DA:127,6
DA:128,8
DA:131,10
DA:135,2
DA:136,4
DA:138,4
DA:139,4
DA:140,2
DA:141,0
DA:145,2
DA:162,2
DA:163,4
DA:164,4
DA:165,2
DA:167,6
DA:168,6
DA:169,4
DA:174,2
DA:175,2
DA:178,0
DA:179,0
DA:185,2
LF:84
LH:81
end_of_record
SF:lib/features/analytics/presentation/bloc/profile_insights_cubit.dart
DA:12,1
DA:27,3
DA:28,3
DA:29,3
DA:30,3
DA:31,3
DA:32,3
DA:33,3
DA:34,3
DA:35,3
DA:37,1
DA:44,1
DA:45,1
DA:46,1
DA:47,1
DA:48,1
DA:53,1
DA:54,1
DA:55,1
DA:56,1
DA:57,1
DA:58,1
DA:59,1
DA:65,1
DA:68,1
DA:69,5
DA:71,1
DA:82,1
DA:83,3
DA:86,2
DA:87,2
DA:89,1
DA:90,4
DA:91,1
DA:92,3
DA:94,2
DA:99,3
DA:105,0
DA:113,1
DA:114,3
DA:117,2
DA:118,2
DA:120,3
DA:126,0
DA:134,1
DA:139,3
DA:142,2
DA:148,3
DA:153,0
DA:161,1
DA:162,2
DA:166,1
DA:167,2
DA:171,1
DA:172,2
DA:176,3
DA:178,1
DA:179,2
DA:180,1
DA:181,2
DA:182,1
DA:183,1
DA:187,1
DA:189,2
DA:190,2
DA:191,1
LF:66
LH:63
end_of_record
SF:lib/shared/widgets/async_state_scaffold.dart
DA:9,2
DA:36,2
DA:37,2
DA:41,1
DA:43,1
DA:44,2
DA:45,2
DA:46,0
DA:47,0
DA:48,0
DA:50,0
DA:51,0
DA:52,0
DA:56,2
DA:59,7
DA:60,4
DA:61,4
DA:62,4
DA:65,6
DA:68,2
DA:69,1
DA:70,2
DA:71,2
DA:74,0
DA:76,2
DA:79,2
DA:80,4
DA:81,4
DA:82,4
DA:83,2
DA:92,1
DA:94,1
DA:101,1
DA:106,1
DA:108,1
DA:109,1
DA:111,1
DA:113,1
DA:116,1
DA:117,1
DA:124,2
DA:126,1
DA:129,1
LF:43
LH:36
end_of_record
SF:lib/core/ui/snackbar_utils.dart
DA:4,0
DA:5,0
DA:6,0
DA:7,0
DA:8,0
DA:12,0
DA:13,0
DA:14,0
DA:15,0
DA:16,0
DA:17,0
LF:11
LH:0
end_of_record
SF:lib/design_system/tokens/colors.dart
DA:5,0
DA:88,0
DA:117,1
DA:118,1
DA:121,1
DA:122,1
DA:125,6
DA:129,12
DA:131,2
DA:134,12
DA:136,6
DA:137,5
DA:138,4
DA:139,4
DA:142,1
DA:143,1
DA:150,6
DA:151,12
DA:152,1
DA:153,12
DA:154,6
DA:158,3
DA:159,6
DA:161,1
DA:162,1
DA:167,1
DA:171,1
DA:173,1
DA:174,1
DA:175,1
DA:177,3
LF:31
LH:29
end_of_record
SF:lib/design_system/theme/theme_extensions.dart
DA:5,0
DA:21,0
DA:30,0
DA:31,0
DA:32,0
DA:33,0
DA:34,0
DA:35,0
DA:36,0
DA:40,0
DA:42,0
DA:43,0
DA:44,0
DA:46,0
DA:47,0
DA:48,0
DA:49,0
DA:51,0
DA:52,0
LF:19
LH:0
end_of_record
SF:lib/core/services/photo_verification_service.dart
DA:8,1
DA:10,2
DA:11,1
DA:12,2
DA:19,1
DA:21,1
DA:28,1
DA:35,1
DA:42,1
DA:49,1
DA:93,1
DA:94,4
DA:95,1
DA:99,1
DA:103,1
DA:104,3
DA:106,1
DA:111,1
DA:112,2
DA:119,1
DA:131,1
DA:132,3
DA:133,4
DA:138,1
DA:140,1
DA:141,1
DA:147,1
DA:152,1
DA:153,1
DA:156,3
DA:157,1
DA:159,4
DA:160,1
DA:169,1
DA:170,1
DA:205,1
DA:220,1
DA:221,2
DA:225,1
DA:227,1
DA:239,1
DA:259,1
DA:260,3
DA:263,1
DA:264,3
DA:276,1
DA:291,1
DA:317,1
DA:327,4
DA:329,1
DA:332,1
DA:333,1
DA:334,1
DA:335,1
DA:336,1
DA:337,1
DA:338,1
DA:339,0
DA:355,1
DA:375,1
DA:391,1
DA:409,1
DA:428,1
DA:437,1
DA:438,1
DA:439,1
DA:440,2
DA:441,3
DA:442,4
DA:443,4
DA:446,1
DA:450,1
DA:451,1
DA:452,3
LF:74
LH:73
end_of_record
SF:lib/core/theme/app_theme_mode.dart
DA:10,1
DA:11,2
DA:13,2
DA:15,2
DA:17,2
DA:19,2
DA:21,2
DA:23,1
DA:29,2
DA:31,2
DA:33,2
DA:35,2
DA:36,2
DA:37,2
DA:38,2
DA:39,2
DA:40,2
DA:42,2
DA:43,2
DA:44,2
DA:45,2
LF:21
LH:21
end_of_record
SF:lib/core/services/analytics_service.dart
DA:14,16
DA:15,28
DA:19,15
DA:25,16
DA:27,16
DA:30,16
DA:33,15
DA:36,2
DA:38,1
DA:39,2
DA:46,1
DA:47,2
DA:51,1
DA:60,2
DA:66,2
DA:69,2
DA:70,1
DA:73,2
DA:76,2
DA:78,1
DA:82,2
DA:84,1
DA:89,1
DA:90,1
DA:91,1
DA:92,1
DA:93,1
DA:94,1
DA:98,1
DA:99,1
DA:100,1
DA:101,1
DA:110,1
DA:111,2
DA:112,2
DA:116,1
DA:117,2
DA:118,2
DA:122,1
DA:123,2
DA:124,1
DA:128,1
DA:129,2
DA:130,1
DA:134,1
DA:135,2
DA:137,1
DA:139,2
DA:143,1
DA:144,2
DA:145,1
DA:153,1
DA:158,2
DA:160,1
DA:164,3
DA:167,2
DA:171,1
DA:172,2
DA:174,1
DA:176,2
DA:180,1
DA:181,2
DA:183,1
DA:185,2
DA:193,1
DA:194,2
DA:196,1
DA:198,2
DA:202,1
DA:207,2
DA:209,1
DA:214,2
DA:218,1
DA:222,2
DA:224,1
DA:226,2
DA:230,1
DA:231,2
DA:232,1
DA:236,1
DA:237,2
DA:238,1
DA:242,1
DA:243,2
DA:244,1
DA:248,1
DA:249,2
DA:250,1
DA:254,1
DA:255,2
DA:256,1
DA:260,1
DA:261,2
DA:262,1
DA:266,1
DA:267,2
DA:269,1
DA:270,1
DA:273,2
DA:277,1
DA:278,2
DA:280,1
DA:282,2
DA:286,1
DA:287,2
DA:289,1
DA:291,2
DA:299,1
DA:300,2
DA:301,1
DA:305,1
DA:306,2
DA:307,1
DA:311,1
DA:315,2
DA:317,1
DA:319,2
DA:323,1
DA:327,2
DA:329,1
DA:331,2
DA:335,1
DA:336,2
DA:338,1
DA:340,2
DA:344,1
DA:345,2
DA:346,1
DA:350,1
DA:351,2
DA:352,1
DA:356,1
DA:357,2
DA:359,1
DA:361,2
DA:369,1
DA:373,2
DA:375,1
DA:377,2
DA:381,1
DA:385,2
DA:387,1
DA:392,2
DA:400,1
DA:401,2
DA:402,1
DA:406,1
DA:407,2
DA:408,1
DA:412,1
DA:413,2
DA:415,1
DA:416,1
DA:417,2
DA:420,2
DA:424,1
DA:425,2
DA:427,1
DA:429,2
DA:433,1
DA:434,2
DA:436,1
DA:438,2
DA:442,1
DA:443,2
DA:445,1
DA:447,2
DA:451,1
DA:452,2
DA:454,1
DA:456,2
DA:464,1
DA:465,2
DA:467,1
DA:469,2
DA:473,1
DA:474,2
DA:475,2
DA:477,1
DA:479,2
DA:483,1
DA:488,2
DA:492,2
DA:494,1
DA:500,2
DA:504,1
DA:505,2
DA:507,1
DA:509,2
DA:513,1
DA:514,2
DA:516,1
DA:518,2
DA:522,1
DA:523,2
DA:525,1
DA:527,2
DA:535,1
DA:539,2
DA:541,1
DA:543,2
DA:547,1
DA:553,2
DA:555,1
DA:556,1
DA:557,1
DA:558,1
DA:559,2
DA:562,1
DA:566,1
DA:570,2
DA:572,1
DA:574,2
DA:582,1
DA:586,2
DA:597,1
DA:602,2
DA:604,1
DA:605,1
DA:606,2
DA:607,1
DA:610,2
DA:617,1
DA:619,2
DA:625,4
LF:225
LH:225
end_of_record
SF:lib/core/services/push_notification_service.dart
DA:12,1
DA:14,3
DA:19,6
DA:20,4
DA:22,2
DA:110,1
DA:112,1
DA:113,2
DA:115,0
DA:119,1
DA:120,2
DA:122,0
DA:126,1
DA:127,2
DA:129,0
DA:133,1
DA:134,2
DA:136,0
DA:140,1
DA:141,2
DA:143,0
DA:147,1
DA:149,1
DA:150,1
DA:151,1
DA:152,1
DA:153,1
DA:154,1
DA:155,1
DA:156,1
DA:157,1
DA:158,1
DA:159,1
DA:160,1
DA:161,1
DA:162,1
DA:163,1
DA:164,1
DA:165,1
DA:166,1
DA:167,1
DA:170,1
DA:171,1
DA:173,1
DA:174,1
DA:176,1
DA:178,1
DA:181,1
DA:182,1
DA:184,1
DA:186,1
DA:189,1
DA:191,1
DA:194,1
DA:196,1
DA:200,0
DA:201,0
DA:211,0
DA:215,0
DA:231,0
DA:233,0
DA:238,0
DA:239,0
DA:240,0
DA:241,0
DA:244,0
DA:249,0
DA:251,0
DA:254,0
DA:257,0
DA:261,1
DA:262,3
DA:265,1
DA:268,2
DA:272,1
DA:273,3
DA:275,2
DA:276,2
DA:280,1
DA:281,1
DA:282,2
DA:283,0
DA:285,3
DA:286,2
DA:287,2
DA:292,1
DA:293,1
DA:294,1
DA:298,1
DA:299,1
DA:300,1
DA:304,1
DA:305,1
DA:309,1
DA:310,1
DA:312,1
DA:313,2
DA:314,1
DA:315,1
DA:316,1
DA:319,2
DA:324,0
DA:335,0
DA:341,0
DA:346,0
DA:347,0
DA:348,0
DA:349,0
DA:351,0
DA:356,1
DA:357,3
DA:358,3
DA:362,2
DA:363,2
DA:364,4
DA:366,0
DA:370,0
DA:371,0
DA:373,0
DA:377,2
DA:378,2
DA:379,2
DA:381,2
DA:382,4
DA:384,1
DA:390,4
DA:391,3
DA:392,1
DA:393,1
DA:394,3
DA:396,2
DA:403,2
DA:404,2
DA:405,2
DA:407,2
DA:408,4
DA:410,1
DA:413,2
DA:417,1
DA:419,1
DA:420,1
DA:421,1
DA:422,1
DA:423,1
DA:424,2
DA:425,1
DA:426,1
DA:428,0
DA:430,2
DA:435,1
DA:437,1
DA:438,1
DA:439,1
DA:440,1
DA:441,1
DA:442,1
DA:443,0
DA:445,2
DA:450,1
DA:459,1
DA:463,1
DA:473,1
DA:474,1
DA:475,2
DA:477,5
DA:479,1
DA:481,2
DA:484,2
DA:488,1
DA:498,1
DA:499,1
DA:500,1
DA:501,1
DA:502,1
DA:503,1
DA:504,1
DA:505,1
DA:510,1
DA:511,1
DA:512,2
DA:514,0
DA:516,2
DA:520,1
DA:521,1
DA:522,2
DA:524,0
DA:526,2
DA:530,1
DA:537,1
DA:538,1
DA:540,1
DA:541,2
DA:552,0
DA:563,0
DA:569,0
DA:574,0
DA:584,1
DA:585,1
DA:586,2
DA:588,0
DA:593,1
DA:594,1
DA:595,2
DA:597,0
LF:204
LH:161
end_of_record
SF:lib/features/auth/presentation/bloc/session_bloc.dart
DA:13,1
DA:14,1
DA:21,1
DA:23,1
DA:24,2
DA:47,1
DA:54,1
DA:58,1
DA:65,1
DA:66,1
DA:67,1
DA:68,1
DA:69,1
DA:73,1
DA:74,5
DA:87,1
DA:90,2
DA:91,2
DA:92,2
DA:93,2
DA:94,2
DA:95,2
DA:98,1
DA:102,3
DA:104,1
DA:105,1
DA:106,1
DA:107,2
DA:109,5
DA:110,2
DA:114,2
DA:115,1
DA:116,0
DA:125,1
DA:126,3
DA:129,1
DA:134,1
DA:138,1
DA:139,1
DA:143,3
DA:146,2
DA:147,1
DA:148,2
DA:149,1
DA:150,1
DA:151,1
DA:152,1
DA:154,1
DA:156,1
DA:159,3
DA:169,1
DA:173,3
DA:175,1
DA:176,1
DA:178,2
DA:179,2
DA:182,2
DA:183,2
DA:184,2
DA:190,1
DA:191,3
DA:193,1
DA:198,2
DA:201,1
DA:206,2
DA:207,2
DA:208,2
DA:210,3
DA:218,1
DA:223,2
DA:226,1
DA:228,2
DA:229,2
DA:230,1
LF:74
LH:73
end_of_record
SF:lib/core/security/secure_logger.dart
DA:23,2
DA:37,1
DA:42,1
DA:44,1
DA:46,1
DA:49,1
DA:51,1
DA:53,1
DA:55,1
DA:57,2
DA:59,2
DA:61,2
DA:63,1
DA:65,1
DA:69,1
DA:72,2
DA:76,1
DA:79,2
DA:83,1
DA:86,2
DA:89,2
DA:94,1
DA:95,2
DA:96,5
DA:100,1
DA:101,1
DA:102,1
DA:103,1
DA:104,1
DA:105,2
DA:106,5
DA:119,1
DA:126,1
DA:128,1
DA:129,2
DA:134,1
DA:135,2
DA:139,1
DA:145,1
DA:146,2
DA:151,3
DA:155,1
DA:162,3
DA:169,1
DA:170,0
DA:172,3
DA:174,5
DA:175,2
DA:178,0
DA:185,1
DA:186,1
DA:187,1
DA:195,1
DA:202,2
DA:203,1
DA:204,2
DA:208,1
DA:215,1
DA:216,2
LF:59
LH:57
end_of_record
SF:lib/core/security/session_manager.dart
DA:14,4
DA:16,2
DA:33,2
DA:43,2
DA:49,2
DA:51,2
DA:52,2
DA:55,4
DA:57,4
DA:61,4
DA:62,6
DA:63,4
DA:65,2
DA:71,2
DA:76,2
DA:77,2
DA:79,4
DA:80,2
DA:81,2
DA:85,2
DA:86,4
DA:87,8
DA:90,0
DA:91,0
DA:94,0
DA:95,0
DA:96,0
DA:97,0
DA:100,0
DA:101,0
DA:106,2
DA:107,2
DA:108,4
DA:110,4
DA:116,1
DA:117,1
DA:119,2
DA:122,1
DA:125,2
DA:126,2
DA:130,1
DA:131,2
DA:133,3
DA:134,2
DA:135,1
DA:139,1
DA:140,2
DA:145,1
DA:146,2
DA:147,0
DA:151,3
DA:152,2
DA:153,2
DA:155,0
DA:160,2
DA:161,4
DA:162,2
DA:163,4
DA:167,1
DA:168,1
DA:169,2
DA:171,1
DA:175,1
DA:177,2
DA:182,2
DA:183,4
DA:190,1
DA:192,1
DA:193,2
DA:197,1
DA:198,2
LF:71
LH:61
end_of_record
SF:lib/design_system/widgets/primary_button.dart
DA:11,3
DA:21,3
DA:23,3
DA:25,6
DA:26,3
DA:27,4
DA:28,8
DA:29,3
DA:31,3
DA:32,6
DA:33,3
DA:39,6
DA:43,3
DA:44,3
LF:14
LH:14
end_of_record
SF:lib/design_system/widgets/app_text_field.dart
DA:24,1
DA:47,2
DA:50,2
DA:51,2
DA:52,0
DA:53,2
DA:54,4
DA:56,2
DA:57,0
DA:59,2
DA:60,2
DA:62,2
DA:63,6
DA:66,2
DA:68,4
DA:69,2
DA:70,2
DA:71,2
DA:72,2
DA:73,2
DA:74,2
DA:75,2
DA:76,2
DA:77,2
DA:78,2
DA:79,2
DA:80,2
DA:81,2
DA:82,2
DA:83,2
DA:84,2
DA:85,2
DA:86,2
DA:87,2
DA:88,2
LF:35
LH:33
end_of_record
SF:lib/design_system/widgets/crush_badge.dart
DA:14,0
DA:26,1
DA:37,1
DA:47,2
DA:49,8
DA:51,2
DA:53,2
DA:54,2
DA:56,2
DA:57,6
DA:58,10
DA:59,4
DA:60,2
DA:61,2
DA:62,2
DA:63,2
DA:64,2
DA:65,2
DA:80,2
DA:88,2
DA:90,2
DA:91,2
DA:92,2
DA:93,2
DA:94,2
DA:95,2
DA:97,2
DA:98,4
DA:105,10
DA:106,4
DA:108,2
DA:109,2
DA:110,4
DA:111,2
DA:112,2
DA:113,2
DA:114,6
DA:115,2
DA:116,4
DA:120,2
DA:121,2
DA:123,2
DA:124,2
DA:125,4
DA:139,1
DA:144,2
DA:146,2
DA:148,2
DA:149,2
DA:150,2
DA:153,2
DA:155,2
DA:157,2
DA:181,0
DA:188,0
DA:189,0
DA:198,0
DA:200,0
DA:201,0
DA:204,0
DA:206,0
DA:207,0
DA:210,0
DA:211,0
DA:215,0
DA:217,0
DA:218,0
DA:221,0
DA:223,0
DA:225,0
DA:227,0
DA:228,0
DA:229,0
DA:230,0
DA:231,0
DA:232,0
DA:233,0
DA:234,0
DA:235,0
DA:237,0
DA:238,0
DA:239,0
DA:240,0
DA:241,0
DA:242,0
DA:243,0
DA:244,0
DA:245,0
DA:246,0
DA:247,0
DA:248,0
DA:257,0
DA:258,0
DA:259,0
DA:260,0
DA:263,0
DA:264,0
LF:97
LH:52
end_of_record
SF:lib/design_system/widgets/glass_card.dart
DA:28,1
DA:76,2
DA:78,4
DA:79,2
DA:80,4
DA:81,0
DA:82,0
DA:84,2
DA:85,2
DA:90,2
DA:92,2
DA:93,4
DA:94,2
DA:95,6
DA:96,2
DA:97,2
DA:98,2
DA:100,4
DA:101,2
DA:103,4
DA:105,2
DA:111,2
DA:112,0
DA:113,0
DA:114,0
DA:115,0
DA:117,0
DA:118,0
DA:119,0
DA:120,0
DA:121,0
DA:122,0
DA:127,0
DA:128,0
DA:132,4
DA:133,0
DA:134,0
DA:135,0
DA:136,0
DA:137,0
DA:138,0
DA:139,0
DA:141,0
DA:142,0
DA:151,2
DA:152,1
DA:154,1
DA:155,1
DA:156,2
DA:162,2
DA:163,2
DA:173,1
DA:192,2
DA:194,4
DA:196,2
DA:197,0
DA:198,0
DA:200,2
DA:201,4
DA:202,2
DA:203,6
DA:204,2
DA:205,2
DA:206,2
DA:208,4
DA:209,2
DA:210,2
DA:214,2
DA:219,2
DA:220,1
DA:222,1
DA:223,1
DA:224,2
DA:230,2
DA:231,2
DA:232,2
DA:233,4
DA:234,2
DA:235,2
DA:236,2
LF:80
LH:55
end_of_record
SF:lib/design_system/widgets/skeleton_loader.dart
DA:10,1
DA:16,1
DA:17,1
DA:25,1
DA:27,1
DA:28,2
DA:30,2
DA:31,1
DA:32,4
DA:33,2
DA:37,1
DA:39,2
DA:40,1
DA:43,1
DA:45,3
DA:48,0
DA:49,1
DA:51,1
DA:52,1
DA:53,1
DA:54,1
DA:56,1
DA:57,1
DA:60,1
DA:65,1
DA:66,4
DA:67,3
DA:68,4
DA:70,1
DA:75,2
DA:86,1
DA:93,2
DA:95,6
DA:96,2
DA:97,2
DA:98,2
DA:99,2
DA:101,4
DA:111,1
DA:116,2
DA:118,6
DA:119,2
DA:120,2
DA:121,2
DA:122,2
DA:132,1
DA:134,2
DA:170,1
DA:172,2
DA:174,2
DA:177,2
DA:178,6
DA:181,2
DA:207,1
DA:209,1
DA:211,1
DA:213,1
DA:214,3
DA:217,1
DA:219,1
DA:220,1
DA:222,1
DA:223,1
DA:224,1
DA:225,1
DA:268,0
DA:276,0
DA:277,0
DA:279,0
DA:284,0
DA:285,0
DA:287,0
DA:291,0
DA:293,0
DA:294,0
DA:295,0
DA:297,0
DA:298,0
DA:312,0
DA:321,0
DA:323,0
DA:324,0
DA:327,0
DA:328,0
DA:329,0
DA:330,0
DA:331,0
DA:333,0
DA:334,0
DA:335,0
DA:336,0
DA:337,0
DA:340,0
LF:93
LH:64
end_of_record
SF:lib/design_system/widgets/empty_state.dart
DA:10,2
DA:25,2
DA:68,2
DA:70,6
DA:75,2
DA:78,4
DA:79,2
DA:80,6
DA:82,2
DA:83,6
DA:86,2
DA:87,2
DA:89,2
DA:91,2
DA:94,2
DA:96,2
DA:97,2
DA:100,2
DA:101,2
DA:106,2
DA:110,2
DA:111,2
DA:114,2
DA:115,2
DA:117,2
DA:118,6
DA:123,2
DA:124,2
DA:125,8
DA:132,4
DA:134,2
DA:135,2
DA:138,2
DA:139,2
DA:144,2
DA:145,2
DA:146,8
DA:153,6
DA:155,2
DA:156,2
DA:159,2
DA:160,2
DA:165,2
DA:166,2
DA:167,4
DA:171,2
DA:173,0
DA:174,0
DA:175,0
DA:185,2
DA:187,2
DA:188,0
DA:191,2
DA:192,0
DA:193,0
DA:194,0
DA:195,0
DA:197,0
DA:199,0
DA:204,2
DA:208,2
DA:209,2
DA:212,2
DA:214,2
DA:215,2
DA:216,2
DA:217,2
DA:218,2
DA:223,2
DA:224,2
DA:225,2
DA:231,2
DA:232,2
DA:242,0
DA:247,0
DA:249,0
DA:256,0
DA:258,0
DA:265,0
DA:271,0
DA:273,0
DA:278,0
DA:280,0
DA:287,0
DA:298,0
DA:300,0
DA:305,0
DA:306,0
DA:307,0
DA:309,0
DA:311,0
DA:318,0
DA:323,0
DA:325,0
DA:329,0
DA:331,0
DA:338,0
DA:347,0
DA:349,0
DA:354,0
DA:356,0
DA:363,0
DA:367,0
DA:369,0
DA:376,0
DA:383,0
DA:387,0
DA:389,0
DA:393,0
DA:394,0
DA:395,0
LF:111
LH:63
end_of_record
SF:lib/design_system/widgets/typing_indicator.dart
DA:12,1
DA:36,1
DA:37,1
DA:45,1
DA:47,1
DA:48,2
DA:50,2
DA:56,4
DA:57,2
DA:58,1
DA:63,1
DA:66,1
DA:69,1
DA:70,4
DA:71,4
DA:72,1
DA:73,3
DA:79,1
DA:81,2
DA:82,1
DA:84,1
DA:87,1
DA:89,3
DA:90,2
DA:92,3
DA:94,1
DA:96,2
DA:97,1
DA:98,2
DA:99,1
DA:100,1
DA:101,4
DA:102,1
DA:103,2
DA:104,2
DA:105,4
DA:106,1
DA:117,2
DA:121,1
DA:122,1
DA:123,1
DA:124,1
DA:128,1
DA:133,1
DA:135,1
DA:136,1
DA:137,1
DA:150,0
DA:166,0
DA:168,0
DA:170,0
DA:175,0
DA:177,0
DA:178,0
DA:179,0
DA:181,0
DA:186,0
DA:187,0
DA:188,0
DA:197,0
DA:199,0
DA:200,0
DA:201,0
DA:206,0
DA:207,0
DA:208,0
DA:216,0
DA:227,0
DA:238,0
DA:241,0
DA:242,0
DA:243,0
DA:244,0
DA:245,0
DA:247,0
DA:248,0
DA:251,0
DA:256,0
DA:257,0
DA:259,0
DA:260,0
LF:81
LH:47
end_of_record
SF:lib/core/services/haptic_service.dart
DA:6,0
DA:13,1
DA:14,1
DA:18,1
DA:19,1
DA:27,2
DA:28,2
DA:32,1
DA:33,1
DA:41,1
DA:42,1
DA:50,1
DA:51,1
DA:55,1
DA:56,1
DA:60,1
DA:61,1
DA:65,1
DA:66,1
DA:70,1
DA:71,1
DA:72,1
DA:73,1
DA:77,1
DA:78,1
DA:86,1
DA:87,1
DA:88,1
DA:89,1
DA:90,1
DA:91,1
DA:92,1
DA:93,1
DA:97,1
DA:98,1
DA:99,1
DA:100,1
DA:104,1
DA:105,1
DA:106,1
DA:107,1
DA:111,1
DA:112,1
DA:113,1
DA:114,1
DA:122,1
DA:123,1
DA:127,1
DA:128,1
DA:132,1
DA:133,1
DA:141,1
DA:142,1
DA:146,1
DA:147,1
DA:155,1
DA:156,1
DA:160,1
DA:161,1
LF:59
LH:58
end_of_record
SF:lib/design_system/tokens/blur.dart
DA:10,0
LF:1
LH:0
end_of_record
SF:lib/design_system/tokens/gradients.dart
DA:8,0
DA:71,0
DA:74,0
DA:75,0
DA:76,0
DA:81,0
DA:84,0
DA:85,0
DA:86,0
DA:165,0
DA:166,0
DA:169,0
DA:170,0
LF:13
LH:0
end_of_record
SF:lib/design_system/tokens/radius.dart
DA:3,0
LF:1
LH:0
end_of_record
SF:lib/design_system/widgets/glass_button.dart
DA:16,3
DA:35,3
DA:37,6
DA:38,0
DA:40,3
DA:41,6
DA:42,0
DA:43,6
DA:45,3
DA:47,9
DA:48,3
DA:49,3
DA:51,3
DA:53,6
DA:54,3
DA:55,3
DA:56,3
DA:62,3
DA:63,3
DA:65,3
DA:66,3
DA:67,6
DA:68,3
DA:69,3
DA:70,3
DA:73,3
DA:74,3
DA:75,3
DA:84,3
DA:85,3
DA:94,3
DA:100,3
DA:102,3
DA:111,3
DA:112,1
DA:118,3
DA:120,3
DA:123,1
DA:124,1
DA:125,2
DA:127,6
DA:138,1
DA:161,1
DA:163,2
DA:164,1
DA:166,2
DA:168,2
DA:173,2
DA:175,1
DA:178,1
DA:179,2
DA:180,1
DA:181,3
DA:182,1
DA:183,1
DA:185,1
DA:187,2
DA:188,1
DA:190,1
DA:191,1
DA:192,0
DA:195,0
DA:197,0
DA:200,1
DA:201,1
DA:206,1
DA:207,1
DA:208,1
DA:217,1
DA:218,1
DA:224,1
DA:226,1
DA:229,0
DA:230,0
DA:231,0
DA:233,2
DA:244,2
DA:265,2
DA:267,4
DA:268,2
DA:270,4
DA:272,2
DA:274,2
DA:277,2
DA:278,2
DA:279,6
DA:280,2
DA:281,2
DA:282,2
DA:283,2
DA:286,2
DA:288,6
DA:293,2
DA:295,2
DA:296,2
DA:298,0
DA:299,0
DA:300,0
DA:307,2
DA:308,2
DA:319,0
DA:340,0
DA:342,0
DA:344,0
DA:345,0
DA:346,0
DA:348,0
DA:349,0
DA:350,0
DA:351,0
DA:354,0
DA:355,0
DA:356,0
DA:357,0
DA:364,0
DA:365,0
DA:367,0
DA:368,0
DA:369,0
DA:370,0
DA:371,0
DA:374,0
DA:375,0
DA:376,0
DA:385,0
DA:386,0
DA:392,0
DA:394,0
DA:395,0
DA:397,0
DA:398,0
DA:399,0
DA:406,0
DA:407,0
DA:416,1
DA:431,1
DA:433,2
DA:434,1
DA:436,1
DA:438,1
DA:443,1
DA:445,1
DA:446,1
DA:448,0
DA:449,0
DA:450,0
DA:452,2
DA:453,1
DA:454,2
DA:455,1
DA:456,3
DA:457,1
DA:458,1
DA:460,1
DA:462,2
DA:463,1
DA:465,1
DA:466,1
DA:467,1
DA:472,1
DA:473,1
DA:474,1
LF:162
LH:114
end_of_record
SF:lib/features/settings/presentation/bloc/privacy_settings_cubit.dart
DA:8,1
DA:10,2
DA:15,1
DA:16,1
DA:19,2
DA:21,1
DA:22,1
DA:28,1
DA:29,3
DA:31,1
DA:32,3
DA:35,1
DA:36,3
DA:38,1
DA:39,3
DA:41,1
DA:42,3
DA:44,1
DA:45,3
DA:47,1
DA:48,3
DA:51,1
DA:52,3
DA:54,1
DA:55,3
DA:57,1
DA:58,3
DA:60,1
DA:61,3
DA:63,1
DA:64,3
DA:66,1
DA:67,3
DA:70,1
DA:71,3
DA:73,1
DA:74,3
DA:76,1
DA:77,3
DA:79,1
DA:80,3
DA:82,1
DA:83,3
DA:85,1
DA:86,3
DA:89,1
DA:90,3
DA:92,1
DA:93,3
DA:95,1
DA:96,3
DA:99,1
DA:100,3
DA:102,1
DA:103,3
DA:106,1
DA:107,3
DA:109,1
DA:110,3
DA:113,1
DA:114,3
DA:116,1
DA:117,3
DA:120,3
DA:122,3
DA:124,2
DA:126,1
DA:127,1
DA:128,1
DA:131,1
DA:132,4
LF:71
LH:71
end_of_record
SF:lib/features/discovery/data/services/realtime_match_service.dart
DA:10,1
DA:29,2
DA:37,2
DA:41,2
DA:43,2
DA:44,2
DA:45,2
DA:46,2
DA:56,3
DA:57,1
DA:62,1
DA:66,1
DA:71,0
DA:74,0
DA:75,0
DA:76,0
DA:77,0
DA:78,0
DA:79,0
DA:95,3
DA:97,1
DA:98,1
DA:100,1
DA:101,1
DA:103,1
DA:104,1
DA:108,1
DA:109,1
DA:110,1
DA:112,1
DA:117,3
DA:123,1
DA:125,1
DA:127,1
DA:128,1
DA:131,4
DA:132,1
DA:133,1
DA:134,1
DA:135,1
DA:137,1
DA:138,1
DA:139,1
DA:142,1
DA:148,2
DA:151,4
DA:152,1
DA:159,1
DA:160,1
DA:170,1
DA:171,2
DA:172,1
DA:173,1
DA:174,1
DA:178,1
DA:179,1
DA:182,1
DA:183,1
DA:184,2
LF:59
LH:52
end_of_record
SF:lib/features/chat/domain/services/ice_breaker_service.dart
DA:8,0
DA:10,3
DA:14,1
DA:18,1
DA:22,2
DA:26,2
DA:29,2
DA:30,2
DA:34,1
DA:36,1
DA:39,2
DA:41,6
DA:42,2
DA:43,1
DA:48,3
DA:49,1
DA:50,3
DA:51,6
DA:52,2
DA:53,1
DA:61,2
DA:63,6
DA:64,2
DA:65,2
DA:72,3
DA:73,2
DA:74,2
DA:81,3
DA:82,2
DA:83,2
DA:90,1
DA:91,1
DA:98,2
DA:100,2
DA:109,1
DA:110,2
DA:111,2
DA:121,1
DA:122,1
DA:207,1
LF:40
LH:39
end_of_record
SF:lib/features/settings/presentation/bloc/notification_settings_cubit.dart
DA:6,1
DA:18,1
DA:24,1
DA:25,1
DA:26,1
DA:27,1
DA:28,1
DA:34,1
DA:36,2
DA:45,1
DA:48,1
DA:49,1
DA:50,1
DA:51,1
DA:52,1
DA:56,1
DA:57,1
DA:58,1
DA:59,3
DA:62,1
DA:63,1
DA:64,1
DA:65,3
DA:68,1
DA:69,1
DA:70,1
DA:71,3
DA:74,1
DA:75,1
DA:76,1
DA:77,3
DA:80,1
DA:81,1
DA:82,1
DA:85,1
DA:86,3
DA:87,3
DA:88,3
DA:89,3
LF:39
LH:39
end_of_record
SF:lib/data/models/match.dart
DA:15,6
DA:26,6
DA:28,1
DA:35,1
DA:36,1
DA:37,1
DA:38,1
DA:39,0
DA:41,1
DA:42,0
DA:43,0
DA:44,1
DA:48,1
DA:49,1
DA:50,1
DA:51,1
DA:52,1
DA:53,1
DA:54,1
DA:55,1
DA:56,1
DA:57,1
LF:22
LH:19
end_of_record
SF:lib/data/models/message.dart
DA:35,7
DA:54,5
DA:65,5
DA:66,5
DA:67,5
DA:68,5
DA:69,5
DA:70,5
DA:71,5
DA:72,5
DA:73,4
DA:74,5
DA:75,5
DA:76,5
DA:77,5
DA:78,5
DA:79,5
DA:80,5
DA:81,3
DA:85,2
DA:86,2
DA:87,2
DA:88,2
DA:89,2
DA:90,2
DA:91,2
DA:92,2
DA:93,2
DA:94,2
DA:95,2
DA:96,2
DA:97,2
DA:98,2
DA:99,2
DA:100,2
DA:101,2
DA:102,2
LF:37
LH:37
end_of_record
SF:lib/data/models/message_request.dart
DA:18,3
DA:32,4
DA:34,3
DA:36,1
DA:37,4
DA:39,1
DA:40,4
DA:42,1
DA:43,4
DA:45,1
DA:46,1
DA:47,1
DA:48,1
DA:49,1
DA:50,1
DA:51,1
DA:52,1
DA:53,1
DA:54,1
DA:55,1
DA:56,1
DA:57,1
LF:22
LH:22
end_of_record
SF:lib/data/models/promo_code.dart
DA:3,2
DA:47,2
DA:48,5
DA:51,5
DA:58,10
DA:61,2
DA:62,5
DA:64,2
DA:65,2
DA:66,2
DA:67,2
DA:68,8
DA:69,1
DA:71,2
DA:72,2
DA:73,2
DA:74,2
DA:75,2
DA:76,2
DA:77,2
DA:79,2
DA:80,2
DA:84,2
DA:85,2
DA:86,4
DA:87,6
DA:88,6
DA:89,6
DA:90,6
DA:91,4
DA:92,4
DA:93,5
DA:94,4
DA:95,4
DA:119,1
DA:121,1
DA:123,1
DA:125,1
DA:127,1
DA:129,1
DA:134,1
DA:136,1
DA:138,1
DA:140,1
DA:142,1
DA:144,1
DA:152,2
DA:164,2
DA:168,2
DA:175,2
DA:176,2
LF:51
LH:51
end_of_record
SF:lib/features/chat/domain/repositories/chat_repository.dart
DA:174,0
DA:177,0
DA:180,0
DA:184,0
DA:193,5
LF:5
LH:1
end_of_record
SF:lib/features/chat/presentation/bloc/chat_state.dart
DA:42,2
DA:66,0
DA:67,0
DA:68,0
DA:69,0
DA:73,0
DA:95,0
DA:96,0
DA:97,0
DA:98,0
DA:99,0
DA:101,0
DA:102,0
DA:103,0
DA:105,0
DA:106,0
DA:107,0
DA:108,0
DA:109,0
DA:110,0
DA:111,0
DA:112,0
DA:113,0
DA:114,0
DA:115,0
DA:116,0
DA:120,2
DA:121,2
DA:122,2
DA:123,2
DA:124,2
DA:125,2
DA:126,2
DA:127,2
DA:128,2
DA:129,2
DA:130,2
DA:131,2
DA:132,2
DA:133,2
DA:134,2
DA:135,2
DA:136,2
DA:137,2
DA:138,2
DA:139,2
DA:140,2
DA:141,2
LF:48
LH:23
end_of_record
SF:lib/features/chat/presentation/bloc/message_handling_bloc.dart
DA:34,3
DA:51,0
DA:52,0
DA:53,0
DA:54,0
DA:58,3
DA:73,3
DA:74,3
DA:75,3
DA:76,3
DA:77,3
DA:78,3
DA:79,3
DA:81,3
DA:83,3
DA:84,3
DA:85,3
DA:86,3
DA:87,3
DA:95,3
DA:96,3
DA:97,3
DA:98,3
DA:99,3
DA:100,3
DA:101,3
DA:102,3
DA:103,3
DA:104,3
DA:105,3
DA:106,3
DA:107,3
DA:108,3
DA:109,3
DA:118,0
DA:119,0
DA:125,2
DA:127,0
DA:128,0
DA:138,2
DA:146,0
DA:147,0
DA:158,2
DA:167,0
DA:168,0
DA:169,0
DA:170,0
DA:171,0
DA:172,0
DA:173,0
DA:174,0
DA:181,2
DA:183,0
DA:184,0
DA:191,2
DA:197,0
DA:198,0
DA:205,1
DA:211,0
DA:212,0
DA:220,1
DA:227,0
DA:228,0
DA:235,1
DA:241,0
DA:242,0
DA:247,1
DA:249,0
DA:250,0
DA:255,1
DA:257,0
DA:258,0
DA:264,3
DA:266,0
DA:267,0
DA:273,1
DA:275,0
DA:276,0
DA:300,3
DA:304,3
DA:305,6
DA:306,6
DA:307,6
DA:308,6
DA:309,6
DA:310,6
DA:311,6
DA:312,6
DA:313,6
DA:314,6
DA:315,6
DA:316,6
DA:317,6
DA:322,2
DA:326,2
DA:327,4
DA:335,2
DA:336,3
DA:338,2
DA:339,6
DA:343,2
DA:344,1
DA:345,2
DA:346,1
DA:352,2
DA:355,2
DA:356,6
DA:357,2
DA:364,4
DA:365,2
DA:366,4
DA:367,2
DA:368,4
DA:370,2
DA:372,2
DA:373,2
DA:374,2
DA:379,2
DA:380,2
DA:381,1
DA:382,4
DA:383,4
DA:384,3
DA:385,1
DA:386,0
DA:391,1
DA:394,6
DA:395,2
DA:397,1
DA:398,2
DA:401,1
DA:402,1
DA:403,1
DA:404,1
DA:410,6
DA:412,2
DA:413,10
DA:417,2
DA:418,0
DA:424,2
DA:428,4
DA:429,2
DA:431,6
DA:433,2
DA:435,2
DA:436,2
DA:437,2
DA:439,2
DA:440,2
DA:445,6
DA:446,2
DA:448,2
DA:449,4
DA:456,2
DA:457,6
DA:458,2
DA:459,2
DA:460,2
DA:462,2
DA:467,2
DA:468,6
DA:469,2
DA:470,2
DA:477,2
DA:478,4
DA:479,2
DA:480,4
DA:482,6
DA:483,2
DA:484,2
DA:485,4
DA:488,6
DA:489,4
DA:492,2
DA:493,4
DA:495,2
DA:504,2
DA:508,2
DA:509,1
DA:510,2
DA:518,2
DA:519,4
DA:521,4
DA:525,2
DA:526,6
DA:530,2
DA:531,2
DA:532,0
DA:533,0
DA:536,0
DA:541,8
DA:542,2
DA:543,4
DA:553,2
DA:554,6
DA:555,2
DA:556,2
DA:557,2
DA:563,2
DA:564,2
DA:565,1
DA:566,2
DA:569,1
DA:575,2
DA:576,6
DA:577,2
DA:578,2
DA:579,2
DA:581,2
DA:588,2
DA:589,2
DA:590,1
DA:591,2
DA:595,2
DA:596,4
DA:599,2
DA:606,2
DA:610,6
DA:612,2
DA:613,6
DA:617,2
DA:618,2
DA:619,0
DA:620,0
DA:622,0
DA:627,2
DA:628,2
DA:629,4
DA:637,2
DA:638,6
DA:639,2
DA:640,2
DA:645,2
DA:646,4
DA:648,2
DA:655,2
DA:659,6
DA:661,2
DA:662,6
DA:666,2
DA:667,2
DA:668,0
DA:669,0
DA:671,0
DA:676,2
DA:677,2
DA:678,4
DA:686,2
DA:687,6
DA:688,2
DA:689,2
DA:690,2
DA:696,2
DA:697,1
DA:698,2
DA:702,2
DA:703,4
DA:705,2
DA:712,1
DA:716,1
DA:717,3
DA:718,1
DA:719,1
DA:720,1
DA:725,1
DA:726,4
DA:732,1
DA:736,1
DA:737,3
DA:738,1
DA:739,1
DA:740,1
DA:741,1
DA:746,1
DA:747,0
DA:749,4
DA:753,1
DA:757,1
DA:758,3
DA:759,1
DA:760,1
DA:761,1
DA:766,1
DA:767,4
DA:773,1
DA:777,4
DA:779,3
DA:781,3
DA:782,3
DA:784,1
DA:786,1
DA:787,3
DA:788,1
DA:796,2
DA:797,1
DA:798,2
DA:799,3
DA:800,1
DA:801,2
DA:804,1
DA:808,1
DA:809,3
DA:816,1
DA:820,2
DA:822,6
DA:823,1
DA:824,4
DA:825,1
DA:827,1
DA:829,1
DA:830,4
DA:831,3
DA:836,3
DA:840,6
DA:843,3
DA:844,6
DA:847,21
DA:848,3
DA:850,4
DA:852,5
DA:853,1
DA:854,1
DA:855,6
DA:856,0
DA:858,1
DA:859,2
DA:860,1
DA:861,1
DA:862,1
DA:867,3
DA:868,6
DA:870,6
DA:871,6
DA:872,6
DA:880,1
DA:884,4
DA:886,1
DA:887,2
DA:894,3
DA:895,3
DA:898,1
DA:899,2
DA:906,1
DA:907,3
DA:908,1
DA:909,1
DA:910,1
DA:911,1
DA:912,1
DA:918,1
DA:919,3
DA:920,2
DA:921,1
DA:922,2
DA:925,2
DA:926,1
DA:927,2
DA:930,3
DA:931,3
DA:934,1
DA:935,2
DA:938,1
DA:946,2
DA:947,2
DA:948,2
DA:949,2
DA:950,2
DA:951,2
DA:952,2
DA:957,2
DA:958,4
DA:959,2
DA:960,2
DA:961,4
DA:962,4
DA:964,2
DA:967,3
DA:968,3
DA:970,6
DA:971,15
DA:973,4
DA:976,2
DA:977,2
DA:978,4
DA:983,1
DA:984,1
DA:985,1
DA:986,1
DA:987,1
DA:990,2
DA:992,3
DA:993,4
DA:994,2
LF:393
LH:344
end_of_record
SF:lib/features/chat/presentation/bloc/chat_bloc.dart
DA:42,2
DA:46,2
DA:48,4
DA:49,6
DA:50,4
DA:51,2
DA:52,2
DA:53,0
DA:57,9
DA:58,3
DA:60,9
DA:61,3
DA:63,10
DA:64,6
DA:68,4
DA:69,4
DA:70,4
DA:71,4
DA:72,4
DA:73,4
DA:74,4
DA:75,4
DA:76,4
DA:77,4
DA:78,4
DA:79,4
DA:80,4
DA:81,4
DA:82,4
DA:83,4
DA:84,4
DA:85,4
DA:86,4
DA:87,4
DA:88,4
DA:89,4
DA:92,9
DA:94,2
DA:104,2
DA:105,4
DA:106,4
DA:107,4
DA:110,4
DA:112,2
DA:114,2
DA:115,2
DA:116,2
DA:118,2
DA:119,2
DA:120,2
DA:121,2
DA:123,2
DA:124,2
DA:125,2
DA:126,2
DA:127,2
DA:128,2
DA:129,2
DA:130,2
DA:131,2
DA:132,2
DA:133,2
DA:134,2
DA:141,2
DA:143,4
DA:150,1
DA:153,2
DA:154,2
DA:157,3
DA:160,1
DA:161,1
DA:162,1
DA:165,1
DA:166,3
DA:167,1
DA:173,1
DA:174,0
DA:178,3
DA:179,1
DA:180,1
DA:184,1
DA:185,4
DA:186,0
DA:188,1
DA:189,4
DA:190,0
DA:192,2
DA:193,2
DA:194,1
DA:195,0
DA:199,0
DA:201,0
DA:202,0
DA:203,0
DA:204,0
DA:210,0
DA:211,0
DA:212,0
DA:218,0
DA:219,0
DA:220,0
DA:221,0
DA:226,1
DA:228,3
DA:229,1
DA:230,1
DA:231,1
DA:232,1
DA:233,1
DA:237,1
DA:239,3
DA:240,1
DA:241,1
DA:242,1
DA:243,1
DA:244,1
DA:245,3
DA:249,1
DA:251,3
DA:252,1
DA:253,1
DA:257,1
DA:259,3
DA:260,1
DA:261,1
DA:262,1
DA:266,0
DA:268,0
DA:269,0
DA:270,0
DA:271,0
DA:275,2
DA:277,10
DA:280,0
DA:282,0
DA:283,0
DA:284,0
DA:285,0
DA:286,0
DA:290,0
DA:292,0
DA:293,0
DA:294,0
DA:295,0
DA:299,0
DA:301,0
DA:304,0
DA:306,0
DA:309,0
DA:311,0
DA:312,0
DA:313,0
DA:319,1
DA:321,1
DA:322,3
DA:323,1
DA:324,1
DA:325,1
DA:332,1
DA:334,3
DA:335,2
DA:340,1
DA:342,3
DA:343,2
DA:348,0
DA:350,0
DA:351,0
DA:352,0
DA:353,0
DA:354,0
DA:359,0
DA:360,0
DA:364,1
DA:366,3
DA:367,2
DA:372,1
DA:375,4
DA:376,2
DA:378,2
DA:379,1
DA:380,1
DA:382,1
DA:387,1
DA:388,3
DA:389,2
DA:394,1
DA:395,1
DA:396,1
DA:397,1
DA:398,1
DA:399,1
DA:400,1
DA:401,1
DA:403,2
DA:404,2
DA:405,3
DA:407,1
DA:414,1
DA:416,2
DA:417,2
DA:418,2
DA:419,2
DA:420,2
DA:421,2
DA:422,2
DA:424,2
DA:425,2
DA:426,2
DA:428,1
LF:209
LH:160
end_of_record
SF:lib/features/chat/presentation/bloc/chat_event.dart
DA:6,0
DA:7,0
DA:15,1
DA:18,0
DA:20,0
DA:27,0
DA:29,0
DA:30,0
DA:40,1
DA:48,0
DA:49,0
DA:59,1
DA:67,0
DA:68,0
DA:75,1
DA:80,0
DA:81,0
DA:90,1
DA:96,0
DA:97,0
DA:105,0
DA:111,0
DA:112,0
DA:118,2
DA:120,0
DA:121,0
DA:129,1
DA:135,0
DA:136,0
DA:141,1
DA:143,0
DA:144,0
DA:149,1
DA:151,0
DA:152,0
DA:161,0
DA:168,0
DA:169,0
DA:177,0
DA:183,0
DA:184,0
DA:192,0
DA:198,0
DA:199,0
DA:204,1
DA:206,0
DA:207,0
DA:214,1
DA:219,0
DA:220,0
DA:227,0
DA:229,0
DA:230,0
DA:236,0
DA:238,0
DA:239,0
DA:247,0
DA:252,0
DA:253,0
DA:268,1
DA:270,0
DA:271,0
LF:62
LH:12
end_of_record
SF:lib/features/chat/presentation/bloc/realtime_state_cubit.dart
DA:10,2
DA:16,1
DA:21,1
DA:22,1
DA:23,1
DA:24,1
DA:28,1
DA:29,4
DA:37,4
DA:40,1
DA:41,3
DA:45,1
DA:46,3
DA:50,1
DA:51,3
DA:55,1
DA:56,1
LF:17
LH:17
end_of_record
SF:lib/features/chat/presentation/bloc/chat_session_cubit.dart
DA:16,2
DA:24,1
DA:31,1
DA:32,1
DA:33,1
DA:34,1
DA:35,1
DA:41,1
DA:42,1
DA:43,1
DA:44,1
DA:45,1
DA:46,1
DA:47,1
DA:64,2
DA:65,2
DA:66,6
DA:70,1
DA:71,3
DA:75,1
DA:81,1
DA:85,3
DA:86,1
DA:87,3
DA:92,1
DA:93,2
DA:96,3
DA:98,1
DA:99,1
DA:104,1
DA:105,1
DA:106,2
DA:107,2
DA:108,3
DA:112,0
DA:115,1
DA:116,1
LF:37
LH:36
end_of_record
SF:lib/features/auth/presentation/bloc/auth_bloc.dart
DA:16,9
DA:17,6
DA:18,6
DA:19,6
DA:20,6
DA:21,6
DA:22,6
DA:23,6
DA:24,6
DA:25,6
DA:26,6
DA:27,6
DA:28,6
DA:29,6
DA:30,6
DA:33,1
DA:34,3
DA:35,1
DA:36,1
DA:37,1
DA:40,4
DA:41,2
DA:43,2
DA:46,1
DA:56,1
DA:57,3
DA:60,1
DA:64,2
DA:67,1
DA:68,1
DA:69,1
DA:70,1
DA:71,1
DA:72,2
DA:74,1
DA:75,2
DA:76,1
DA:79,1
DA:86,1
DA:88,2
DA:91,1
DA:93,3
DA:98,1
DA:99,3
DA:100,1
DA:101,1
DA:106,1
DA:108,2
DA:109,1
DA:110,1
DA:112,1
DA:113,1
DA:115,3
DA:118,2
DA:120,1
DA:124,1
DA:126,2
DA:127,1
DA:128,2
DA:129,1
DA:130,3
DA:135,1
DA:138,1
DA:140,2
DA:141,1
DA:142,3
DA:145,3
DA:151,1
DA:152,3
DA:156,1
DA:157,3
DA:160,1
DA:164,3
DA:172,1
DA:174,3
DA:176,3
DA:177,0
DA:178,2
DA:182,1
DA:183,3
DA:184,2
DA:185,1
DA:190,1
DA:192,2
DA:194,3
DA:197,2
DA:199,1
DA:203,1
DA:205,3
DA:207,2
DA:211,1
DA:212,3
DA:213,2
DA:214,1
DA:219,1
DA:221,2
DA:223,3
DA:226,2
DA:228,1
DA:232,1
DA:234,2
DA:235,1
DA:236,3
DA:239,3
DA:245,1
DA:246,3
DA:253,1
DA:254,3
DA:257,1
DA:261,3
DA:269,1
DA:271,3
DA:273,2
DA:277,1
DA:278,3
DA:279,2
DA:280,2
DA:286,1
DA:288,2
DA:290,3
DA:293,2
DA:295,1
DA:299,1
DA:302,5
DA:303,1
DA:304,3
DA:309,2
DA:312,1
DA:314,3
DA:322,1
DA:324,3
DA:328,2
DA:330,1
DA:331,3
DA:335,1
DA:336,3
DA:338,1
DA:342,2
DA:345,1
DA:347,2
DA:349,3
DA:356,2
DA:358,3
DA:359,2
DA:362,1
DA:366,2
DA:367,3
DA:373,1
DA:374,3
DA:378,1
DA:379,3
DA:382,1
DA:386,2
DA:387,3
DA:395,3
DA:406,1
DA:408,0
DA:409,0
LF:158
LH:155
end_of_record
SF:lib/features/auth/presentation/bloc/auth_event.dart
DA:4,0
DA:5,0
DA:12,1
DA:13,0
DA:14,0
DA:20,1
DA:22,0
DA:23,0
DA:28,1
DA:30,0
DA:31,0
DA:36,1
DA:38,0
DA:39,0
DA:45,1
DA:47,0
DA:48,0
DA:54,1
DA:56,0
DA:57,0
DA:62,1
DA:64,0
DA:65,0
DA:71,1
DA:73,0
DA:74,0
DA:79,1
DA:81,0
DA:82,0
LF:29
LH:9
end_of_record
SF:lib/features/auth/presentation/bloc/auth_state.dart
DA:24,4
DA:34,3
DA:44,1
DA:53,1
DA:54,1
DA:55,1
DA:56,1
DA:57,1
DA:58,1
DA:59,1
DA:61,1
DA:66,3
DA:67,3
DA:68,3
DA:69,3
DA:70,3
DA:71,3
DA:72,3
DA:73,3
DA:74,3
LF:20
LH:20
end_of_record
SF:lib/core/constants/network_constants.dart
DA:6,0
LF:1
LH:0
end_of_record
SF:lib/core/services/user_data_clearance_service.dart
DA:9,1
DA:10,3
DA:56,1
DA:58,1
DA:61,1
DA:65,1
DA:66,1
DA:68,2
DA:69,1
DA:74,1
DA:75,2
LF:11
LH:11
end_of_record
SF:lib/shared/widgets/cached_network_image.dart
DA:21,0
DA:50,0
DA:51,0
DA:60,0
DA:61,0
DA:62,0
DA:65,0
DA:67,0
DA:68,0
DA:71,0
DA:73,0
DA:74,0
DA:75,0
DA:79,0
DA:80,0
DA:81,0
DA:82,0
DA:83,0
DA:88,0
DA:89,0
DA:90,0
DA:97,0
DA:99,0
DA:102,0
DA:103,0
DA:104,0
DA:108,0
DA:111,0
DA:112,0
DA:113,0
DA:114,0
DA:117,0
DA:118,0
DA:119,0
DA:123,0
DA:124,0
DA:125,0
DA:126,0
DA:131,0
DA:135,0
DA:136,0
DA:137,0
DA:138,0
DA:139,0
DA:140,0
DA:141,0
DA:142,0
DA:143,0
DA:144,0
DA:145,0
DA:146,0
DA:147,0
DA:148,0
DA:149,0
DA:150,0
DA:154,0
DA:159,0
DA:160,0
DA:161,0
DA:162,0
DA:163,0
DA:164,0
DA:169,0
DA:170,0
DA:171,0
DA:177,0
DA:178,0
DA:180,0
DA:181,0
DA:183,0
DA:185,0
DA:187,0
DA:194,0
DA:195,0
DA:203,0
DA:204,0
DA:206,0
DA:207,0
DA:209,0
DA:212,0
DA:214,0
DA:215,0
DA:216,0
DA:217,0
DA:219,0
DA:222,0
DA:224,0
DA:247,0
DA:248,0
DA:266,6
DA:267,2
DA:283,0
DA:286,0
DA:289,0
DA:292,0
DA:295,0
DA:297,0
DA:298,0
DA:303,0
DA:304,0
DA:308,0
DA:309,0
DA:314,0
DA:315,0
DA:318,0
DA:319,0
DA:320,0
DA:324,0
DA:326,0
DA:328,0
DA:330,0
DA:332,0
DA:335,0
DA:338,0
DA:340,0
DA:341,0
DA:342,0
DA:343,0
DA:345,0
DA:346,0
DA:354,0
DA:357,0
DA:360,0
DA:361,0
DA:362,0
DA:366,0
DA:367,0
DA:373,0
DA:375,0
DA:376,0
DA:378,0
DA:382,0
DA:383,0
DA:388,0
DA:392,0
DA:395,0
DA:397,0
DA:398,0
DA:407,1
DA:413,0
DA:414,0
DA:418,0
DA:419,0
DA:423,0
DA:424,0
DA:430,0
DA:431,0
DA:434,0
DA:435,0
DA:440,0
DA:442,0
DA:443,0
DA:445,0
DA:448,0
DA:452,1
DA:453,2
DA:454,2
DA:455,1
DA:456,1
DA:460,0
DA:461,0
DA:462,0
DA:464,0
DA:469,0
DA:470,0
DA:474,0
DA:475,0
DA:481,0
DA:485,0
DA:487,0
DA:490,0
DA:492,0
DA:493,0
DA:498,0
DA:500,0
DA:501,0
DA:504,0
DA:506,0
DA:507,0
DA:510,0
DA:511,0
LF:181
LH:8
end_of_record
SF:lib/features/profile/data/services/profile_media_service.dart
DA:23,3
DA:29,3
DA:30,6
DA:31,6
DA:34,1
DA:37,3
DA:48,2
DA:52,2
DA:53,2
DA:54,2
DA:59,4
DA:60,6
DA:61,2
DA:64,4
DA:67,2
DA:68,2
DA:69,2
DA:70,4
DA:76,2
DA:78,2
DA:79,2
DA:80,6
DA:82,2
DA:85,2
DA:86,2
DA:87,2
DA:88,2
DA:89,2
DA:90,2
DA:93,2
DA:94,2
DA:95,2
DA:98,4
DA:99,2
DA:106,2
DA:109,2
DA:110,1
DA:121,2
DA:125,2
DA:126,2
DA:127,2
DA:132,4
DA:133,6
DA:134,2
DA:137,4
DA:140,2
DA:141,2
DA:142,2
DA:143,4
DA:149,2
DA:151,2
DA:152,1
DA:153,3
DA:157,2
DA:158,1
DA:165,2
DA:168,2
DA:169,1
DA:179,2
DA:181,2
DA:186,4
DA:187,0
DA:189,4
DA:195,2
DA:196,4
DA:201,2
DA:206,2
DA:207,2
DA:209,4
DA:210,2
DA:212,2
DA:213,2
DA:214,2
DA:215,2
DA:220,2
DA:221,2
DA:223,1
DA:224,1
DA:227,2
DA:228,0
DA:233,2
DA:237,4
DA:238,2
DA:240,2
DA:241,2
DA:242,2
DA:243,2
DA:248,2
DA:249,2
DA:251,1
DA:252,1
DA:255,2
DA:256,0
DA:261,2
DA:268,2
DA:270,2
DA:271,2
DA:273,2
DA:275,1
DA:277,1
DA:279,1
DA:280,1
DA:287,2
DA:289,2
DA:291,1
DA:293,1
DA:295,1
DA:302,1
DA:307,1
DA:308,0
DA:309,0
DA:312,1
DA:313,1
DA:314,0
LF:114
LH:108
end_of_record
SF:lib/core/services/tracking_consent_service.dart
DA:19,1
DA:32,2
DA:33,2
DA:34,1
DA:36,2
DA:38,1
DA:39,1
DA:42,1
DA:43,1
DA:46,0
DA:47,0
DA:58,2
DA:61,3
DA:68,1
DA:69,2
DA:73,3
DA:75,2
DA:77,3
DA:81,1
DA:83,2
DA:85,2
DA:90,1
DA:91,2
DA:92,3
DA:93,1
DA:96,1
DA:97,2
DA:98,2
DA:101,2
DA:102,1
LF:30
LH:28
end_of_record
SF:lib/features/discovery/data/services/passport_locations_service.dart
DA:7,2
DA:8,6
DA:39,1
DA:40,2
DA:42,1
DA:43,1
DA:44,1
DA:47,1
DA:48,3
DA:51,1
DA:52,3
DA:54,2
DA:57,2
DA:58,1
DA:63,1
DA:64,1
DA:65,1
DA:67,1
DA:70,1
DA:71,2
DA:72,1
DA:74,2
DA:75,5
DA:76,0
DA:77,0
DA:78,1
DA:84,5
DA:89,1
DA:90,1
DA:91,1
DA:95,1
DA:96,1
DA:97,1
DA:101,1
DA:102,1
DA:103,1
DA:105,0
DA:107,1
DA:108,2
DA:109,5
DA:111,3
DA:112,2
DA:113,1
DA:114,2
DA:115,3
DA:116,1
DA:118,1
DA:121,1
DA:122,5
DA:125,1
DA:126,1
DA:127,1
DA:129,1
DA:131,0
DA:133,0
DA:137,1
DA:138,0
DA:139,0
DA:142,2
DA:143,2
DA:148,1
DA:149,2
DA:151,1
DA:152,1
DA:154,2
DA:155,2
DA:156,2
DA:157,2
DA:158,1
LF:69
LH:62
end_of_record
SF:lib/features/chat/data/repositories/impl/stub_chat_repository.dart
DA:12,3
DA:28,1
DA:29,3
DA:32,2
DA:33,8
DA:36,2
DA:40,2
DA:66,2
DA:68,4
DA:69,2
DA:72,6
DA:73,6
DA:74,6
DA:78,6
DA:81,3
DA:87,3
DA:90,15
DA:95,4
DA:96,1
DA:100,6
DA:101,6
DA:104,3
DA:105,6
DA:106,3
DA:111,2
DA:117,2
DA:121,8
DA:122,2
DA:123,0
DA:126,2
DA:128,10
DA:129,2
DA:130,2
DA:131,2
DA:135,4
DA:136,2
DA:137,2
DA:138,2
DA:142,2
DA:145,3
DA:153,6
DA:154,6
DA:156,3
DA:157,6
DA:169,3
DA:170,3
DA:173,6
DA:174,4
DA:175,8
DA:178,2
DA:180,4
DA:183,2
DA:185,4
DA:186,2
DA:196,8
DA:198,4
DA:199,2
DA:200,4
DA:212,2
DA:213,2
DA:214,2
DA:218,1
DA:224,2
DA:231,3
DA:233,3
DA:234,6
DA:235,9
DA:236,3
DA:239,3
DA:241,3
DA:242,3
DA:245,2
DA:250,2
DA:251,10
DA:252,2
DA:253,2
DA:256,2
DA:262,2
DA:263,4
DA:264,4
DA:265,2
DA:266,2
DA:267,2
DA:268,2
DA:269,2
DA:271,2
DA:272,2
DA:273,2
DA:274,2
DA:275,2
DA:276,2
DA:277,2
DA:278,2
DA:279,2
DA:283,2
DA:284,2
DA:285,2
DA:288,1
DA:294,1
DA:295,1
DA:296,1
DA:298,0
DA:300,1
DA:301,3
DA:302,1
DA:305,2
DA:316,2
DA:317,4
DA:318,2
DA:319,4
DA:327,6
DA:330,2
DA:333,2
DA:340,2
DA:341,4
DA:342,4
DA:343,4
DA:344,2
DA:345,2
DA:348,2
DA:350,2
DA:351,2
DA:354,2
DA:360,2
DA:361,4
DA:362,4
DA:363,4
DA:364,2
DA:365,2
DA:368,2
DA:370,2
DA:371,2
DA:374,1
DA:382,1
DA:383,2
DA:384,1
DA:385,2
DA:390,3
DA:393,1
DA:396,2
DA:398,6
DA:399,4
DA:402,4
DA:403,4
DA:404,6
DA:405,12
DA:409,6
DA:412,3
DA:418,6
DA:421,9
DA:423,9
DA:426,6
DA:427,6
DA:428,12
DA:432,2
DA:434,6
DA:437,4
DA:438,4
DA:439,4
DA:440,6
DA:441,6
DA:445,6
DA:448,2
DA:453,4
DA:455,4
DA:456,6
DA:457,6
DA:461,2
DA:463,6
DA:465,4
DA:466,4
DA:467,4
DA:468,6
DA:469,6
DA:473,6
DA:476,2
DA:482,4
DA:484,4
DA:485,6
DA:486,6
DA:490,3
DA:495,3
DA:496,3
DA:497,3
DA:499,2
DA:501,3
DA:502,9
DA:505,2
DA:510,2
DA:511,2
DA:512,2
DA:514,4
DA:515,2
DA:516,6
DA:520,1
DA:525,1
DA:526,2
DA:528,2
DA:529,4
DA:530,3
DA:534,2
DA:537,1
DA:539,1
DA:540,2
DA:541,0
DA:543,1
DA:544,1
DA:547,1
DA:548,2
DA:549,1
DA:550,1
DA:551,1
DA:552,1
DA:553,4
DA:554,1
DA:557,1
DA:558,1
DA:559,1
DA:560,1
DA:563,1
DA:566,1
DA:572,1
DA:573,1
DA:574,2
DA:575,1
DA:576,1
DA:577,0
DA:578,2
DA:581,2
DA:592,4
DA:594,2
DA:595,2
DA:597,2
DA:598,2
DA:599,10
DA:602,2
DA:606,2
DA:607,1
DA:608,2
DA:614,1
DA:621,1
DA:622,1
DA:626,2
DA:628,2
DA:629,2
DA:630,2
DA:634,8
DA:635,2
DA:636,2
DA:640,2
DA:645,2
DA:646,2
DA:647,2
DA:649,2
DA:650,2
DA:651,10
DA:655,1
DA:660,1
DA:662,1
DA:663,1
DA:666,2
DA:667,2
DA:668,1
DA:669,5
DA:671,2
DA:673,1
DA:675,1
DA:676,4
DA:677,1
DA:678,1
DA:679,1
DA:680,1
DA:681,1
DA:682,1
DA:688,2
DA:689,2
DA:690,1
DA:691,1
DA:694,1
DA:702,3
DA:703,3
DA:704,6
DA:705,3
DA:707,3
DA:708,3
DA:711,3
DA:712,6
DA:713,3
DA:714,3
DA:715,3
DA:716,3
DA:717,3
DA:718,3
DA:719,12
DA:720,0
DA:722,6
DA:723,3
DA:724,3
DA:725,6
DA:726,3
DA:727,3
DA:728,3
DA:729,3
DA:732,3
DA:735,3
DA:736,3
DA:737,3
DA:738,3
DA:741,3
DA:742,3
DA:744,3
DA:745,6
DA:746,3
DA:747,3
DA:748,3
DA:749,3
DA:750,3
DA:751,6
DA:752,6
DA:753,3
DA:754,3
DA:755,3
DA:756,3
DA:757,3
DA:758,3
DA:759,3
DA:762,3
DA:763,3
DA:764,3
DA:765,3
DA:769,3
DA:770,6
DA:771,6
DA:772,2
DA:773,6
DA:777,2
DA:778,8
DA:781,2
DA:782,2
DA:783,2
DA:784,1
DA:786,2
DA:787,2
DA:789,4
DA:790,2
DA:791,2
DA:792,2
DA:793,2
DA:794,2
DA:795,2
DA:796,8
DA:797,0
DA:799,4
DA:800,4
DA:801,2
DA:802,2
DA:803,2
DA:804,2
DA:806,2
DA:809,2
DA:810,4
DA:811,10
DA:814,2
DA:815,2
DA:816,4
DA:817,2
DA:818,2
DA:819,2
DA:820,2
DA:821,2
DA:822,4
DA:823,4
DA:824,4
DA:825,2
DA:826,2
DA:827,2
DA:828,2
DA:830,2
DA:831,4
DA:835,3
DA:836,8
DA:837,2
DA:839,8
DA:840,2
DA:842,8
DA:843,2
DA:845,8
DA:846,2
DA:852,1
DA:855,1
DA:858,1
DA:861,1
LF:392
LH:386
end_of_record
SF:lib/features/discovery/data/repositories/impl/stub_discovery_repository.dart
DA:939,2
DA:940,2
DA:941,4
DA:947,2
DA:952,2
DA:955,2
DA:958,12
DA:961,4
DA:962,0
DA:963,0
DA:966,0
DA:967,0
DA:968,0
DA:975,0
DA:982,0
DA:983,0
DA:988,4
DA:993,0
DA:1000,0
DA:1001,0
DA:1003,0
DA:1004,0
DA:1005,0
DA:1006,0
DA:1007,0
DA:1009,0
DA:1010,0
DA:1013,0
DA:1015,2
DA:1021,2
DA:1024,2
DA:1027,2
DA:1031,4
DA:1032,6
DA:1033,0
DA:1036,2
DA:1037,6
DA:1043,2
DA:1044,4
DA:1045,4
DA:1049,2
DA:1052,2
DA:1054,2
DA:1055,2
DA:1066,2
DA:1071,1
DA:1076,1
DA:1077,1
DA:1080,1
DA:1082,1
DA:1085,6
DA:1088,1
DA:1090,1
DA:1093,1
DA:1094,2
DA:1095,1
DA:1096,2
DA:1097,2
DA:1099,0
DA:1100,0
DA:1107,2
DA:1108,1
DA:1109,2
DA:1110,2
DA:1111,1
DA:1112,1
DA:1114,4
DA:1115,1
DA:1116,2
DA:1117,4
DA:1118,2
DA:1119,2
DA:1120,2
DA:1122,1
DA:1128,2
DA:1130,2
DA:1131,2
DA:1138,2
DA:1139,2
DA:1140,4
DA:1142,4
DA:1145,2
DA:1146,2
DA:1147,2
DA:1148,2
DA:1149,8
DA:1153,2
DA:1154,2
DA:1155,4
DA:1157,0
DA:1159,2
DA:1160,8
DA:1164,1
DA:1165,1
DA:1166,2
DA:1168,0
DA:1169,0
DA:1172,2
DA:1173,2
DA:1174,4
DA:1176,0
DA:1177,2
DA:1179,4
DA:1180,6
DA:1183,2
DA:1184,2
DA:1185,4
DA:1186,1
DA:1189,4
DA:1190,8
DA:1193,2
DA:1194,2
DA:1195,2
DA:1196,2
DA:1197,2
DA:1198,4
DA:1199,2
DA:1200,2
DA:1201,2
DA:1202,2
DA:1206,2
DA:1207,2
DA:1208,2
DA:1209,2
DA:1210,2
DA:1211,2
DA:1212,8
DA:1213,0
DA:1215,2
DA:1216,2
DA:1217,2
DA:1218,2
DA:1222,1
DA:1224,1
DA:1226,5
DA:1228,1
DA:1229,1
DA:1234,1
DA:1239,1
DA:1242,1
DA:1243,1
DA:1246,2
DA:1247,3
DA:1248,0
DA:1251,1
DA:1252,3
DA:1258,1
DA:1259,2
DA:1260,2
DA:1264,1
DA:1265,1
DA:1267,1
DA:1268,1
DA:1277,1
DA:1282,1
DA:1284,1
DA:1286,1
DA:1287,2
DA:1290,2
DA:1291,1
DA:1294,1
DA:1295,3
DA:1299,5
DA:1301,0
DA:1302,0
LF:165
LH:135
end_of_record
SF:lib/features/discovery/data/repositories/discovery_repository.dart
DA:29,2
DA:41,0
DA:42,0
DA:45,0
DA:46,0
DA:47,0
LF:6
LH:1
end_of_record
SF:lib/features/settings/presentation/bloc/safety_cubit.dart
DA:12,1
DA:22,1
DA:23,1
DA:24,1
DA:25,1
DA:26,4
DA:30,1
DA:31,1
DA:33,1
DA:40,2
DA:60,1
DA:69,1
DA:70,1
DA:71,1
DA:72,1
DA:73,1
DA:74,1
DA:75,1
DA:77,1
DA:86,2
DA:93,4
DA:105,2
DA:107,4
DA:108,2
DA:109,3
DA:110,1
DA:111,2
DA:112,1
DA:113,2
DA:115,1
DA:120,2
DA:121,3
DA:123,3
DA:124,3
DA:129,8
DA:130,4
DA:131,4
DA:134,2
DA:135,6
DA:137,3
DA:138,1
DA:142,2
DA:143,4
DA:146,1
DA:151,1
DA:152,3
DA:157,3
DA:159,1
DA:161,1
DA:164,1
DA:165,1
DA:167,2
DA:171,2
DA:173,2
DA:178,1
DA:179,2
DA:184,1
DA:187,1
DA:188,4
DA:192,1
DA:193,3
DA:195,1
DA:197,1
DA:199,3
DA:202,1
DA:203,3
DA:205,1
DA:207,1
DA:209,3
DA:212,1
DA:215,1
DA:222,1
DA:231,1
DA:232,3
DA:245,1
DA:246,4
DA:248,2
DA:250,3
DA:251,2
DA:252,3
DA:259,1
DA:265,1
DA:266,3
DA:275,1
DA:276,4
DA:278,3
DA:284,1
DA:286,1
DA:287,2
DA:288,2
DA:289,2
DA:294,6
DA:296,1
DA:298,3
DA:300,3
DA:302,2
DA:304,2
DA:306,2
DA:309,2
DA:313,1
DA:314,1
DA:315,2
DA:319,3
DA:326,1
DA:327,3
DA:330,1
DA:331,1
DA:332,2
DA:334,2
DA:336,2
DA:338,2
DA:340,2
DA:342,2
DA:345,2
DA:347,2
DA:348,6
DA:349,1
LF:117
LH:117
end_of_record
SF:lib/core/services/data_export_service.dart
DA:18,1
DA:35,1
DA:39,1
DA:41,1
DA:42,2
DA:44,1
DA:48,1
DA:49,2
DA:51,2
DA:52,2
DA:56,1
DA:57,2
DA:59,2
DA:60,2
DA:64,1
DA:65,2
DA:67,2
DA:68,2
DA:72,1
DA:73,2
DA:74,1
DA:75,4
DA:76,2
DA:77,1
DA:78,2
DA:82,1
DA:83,2
DA:84,1
DA:85,4
DA:86,2
DA:87,1
DA:88,2
DA:92,1
DA:93,1
DA:95,0
DA:97,0
DA:99,0
DA:100,0
DA:101,0
DA:102,0
DA:105,2
DA:106,2
DA:111,0
DA:112,0
DA:113,0
DA:114,0
DA:120,1
DA:121,1
DA:122,1
DA:123,1
DA:124,1
DA:125,1
DA:126,1
DA:127,1
DA:128,1
DA:129,2
DA:133,1
DA:134,1
DA:135,1
DA:136,1
DA:137,1
DA:138,1
DA:139,1
DA:140,2
DA:141,1
DA:142,1
DA:143,1
DA:144,1
DA:145,1
DA:146,3
DA:147,1
DA:148,1
DA:150,1
DA:151,1
DA:152,1
DA:153,1
DA:154,1
DA:155,1
DA:156,1
DA:157,1
DA:158,1
DA:159,1
DA:160,1
DA:161,1
DA:162,1
DA:163,1
DA:164,1
DA:165,1
DA:167,1
DA:168,1
DA:169,1
DA:170,1
DA:172,1
DA:173,1
DA:174,1
DA:175,1
DA:177,1
DA:178,1
DA:179,1
DA:181,1
DA:182,1
DA:186,1
DA:188,1
DA:189,1
DA:190,1
DA:191,1
DA:192,1
DA:193,1
DA:194,1
DA:195,1
DA:196,1
DA:197,1
DA:198,1
DA:202,1
DA:203,1
DA:204,1
DA:205,1
DA:206,1
DA:207,2
DA:208,1
DA:212,1
DA:213,1
DA:214,1
DA:215,1
DA:216,1
DA:217,2
DA:218,2
DA:219,3
DA:220,1
DA:224,1
DA:225,1
DA:226,0
DA:227,0
DA:228,0
DA:231,0
DA:232,0
DA:234,0
DA:240,1
DA:258,1
DA:265,1
DA:275,1
DA:276,1
LF:142
LH:126
end_of_record
SF:lib/features/chat/presentation/bloc/message_requests_cubit.dart
DA:21,1
DA:25,1
DA:27,1
DA:28,3
DA:29,1
DA:30,4
DA:34,1
DA:35,3
DA:37,1
DA:41,3
DA:43,1
DA:48,1
DA:49,1
DA:54,1
DA:56,2
DA:58,3
DA:59,1
DA:65,2
DA:66,1
DA:67,1
DA:72,8
DA:76,3
DA:80,1
DA:85,3
DA:91,3
DA:93,1
DA:99,1
DA:100,3
DA:101,1
DA:107,3
DA:108,1
DA:109,1
DA:110,1
DA:111,1
DA:115,0
DA:117,0
DA:122,3
DA:124,1
DA:130,1
DA:131,3
DA:135,1
DA:136,3
DA:140,1
DA:141,3
LF:44
LH:42
end_of_record
SF:lib/features/chat/presentation/bloc/message_requests_state.dart
DA:21,2
DA:33,1
DA:34,2
DA:35,2
DA:37,1
DA:47,1
DA:48,1
DA:49,1
DA:52,1
DA:55,1
DA:61,1
DA:62,1
DA:63,1
DA:64,1
DA:65,1
DA:74,1
DA:75,1
DA:76,1
DA:77,1
DA:78,1
DA:79,1
DA:80,1
DA:81,1
DA:82,1
DA:83,1
LF:25
LH:25
end_of_record
SF:lib/config/legal_config.dart
DA:4,0
LF:1
LH:0
end_of_record
SF:lib/config/support_config.dart
DA:7,0
DA:67,0
DA:70,0
DA:196,1
DA:201,1
DA:204,1
DA:208,1
DA:211,1
DA:217,1
DA:218,1
DA:223,1
DA:227,1
DA:228,3
DA:229,2
DA:231,1
DA:234,1
DA:235,1
DA:236,1
DA:241,1
DA:242,1
DA:243,1
DA:244,1
DA:249,1
DA:255,1
DA:257,1
DA:258,2
DA:259,1
DA:260,1
DA:261,1
DA:262,1
DA:263,1
DA:264,2
DA:265,2
DA:266,1
DA:267,4
DA:269,1
DA:282,2
DA:305,2
LF:38
LH:35
end_of_record
SF:lib/core/accessibility/semantics_helper.dart
DA:6,0
DA:9,1
DA:20,1
DA:34,1
DA:40,1
DA:49,0
DA:51,0
DA:55,3
DA:62,6
DA:63,2
DA:64,6
DA:65,9
DA:66,3
DA:70,1
DA:77,1
DA:80,1
DA:84,1
DA:91,2
DA:92,1
DA:93,3
DA:95,2
DA:97,3
DA:100,1
DA:104,1
DA:106,1
DA:108,1
DA:110,1
DA:112,1
DA:118,1
DA:123,1
DA:124,1
DA:125,2
DA:128,1
DA:130,1
DA:133,1
DA:134,1
DA:135,1
DA:137,2
DA:138,4
DA:139,4
DA:140,2
DA:141,4
DA:151,1
DA:159,1
DA:172,1
DA:173,1
LF:46
LH:43
end_of_record
SF:lib/core/app_env.dart
DA:13,0
DA:16,0
DA:17,0
DA:18,0
DA:20,0
DA:21,0
DA:23,0
DA:26,0
DA:27,0
DA:28,0
LF:10
LH:0
end_of_record
SF:lib/core/extensions/localization_extension.dart
DA:12,2
LF:1
LH:1
end_of_record
SF:lib/l10n/generated/app_localizations.dart
DA:84,1
DA:85,2
DA:89,1
DA:90,1
DA:7876,2
DA:7878,1
DA:7880,2
DA:7883,1
DA:7884,1
DA:7906,2
DA:7908,1
DA:7912,1
DA:7914,1
DA:7915,1
DA:7916,0
DA:7917,1
DA:7918,0
DA:7919,1
DA:7920,0
DA:7921,1
DA:7922,1
DA:7923,0
DA:7924,0
DA:7925,0
DA:7926,0
DA:7927,0
DA:7928,0
DA:7929,0
DA:7930,0
DA:7931,0
DA:7932,0
DA:7933,0
DA:7934,0
DA:7935,0
DA:7936,0
DA:7937,0
DA:7938,0
DA:7939,0
DA:7940,0
DA:7941,0
DA:7942,0
DA:7943,0
DA:7944,0
DA:7945,0
DA:7946,0
DA:7947,0
DA:7948,0
DA:7949,0
DA:7950,0
DA:7951,0
DA:7952,0
DA:7953,0
DA:7954,0
DA:7955,0
DA:7956,0
DA:7959,0
LF:56
LH:18
end_of_record
SF:lib/core/performance/performance_monitor.dart
DA:18,3
DA:20,9
DA:39,0
DA:40,0
DA:43,0
DA:44,0
DA:45,0
DA:46,0
DA:49,0
DA:51,0
DA:52,0
DA:54,0
DA:58,2
DA:65,2
DA:66,2
DA:67,2
DA:68,2
DA:69,2
DA:73,1
DA:74,2
DA:75,1
DA:80,1
DA:81,2
DA:83,1
DA:84,1
DA:85,2
DA:86,1
DA:89,1
DA:91,2
DA:95,1
DA:96,2
DA:99,2
DA:100,1
DA:103,1
DA:106,2
DA:107,2
DA:109,1
DA:111,0
DA:120,3
DA:121,5
DA:124,4
DA:125,2
DA:129,4
DA:130,2
DA:131,4
DA:133,4
DA:135,0
DA:140,3
DA:141,3
DA:144,4
DA:146,4
DA:151,2
DA:152,1
DA:155,2
DA:156,4
DA:158,0
DA:163,1
DA:164,2
DA:166,1
DA:171,1
DA:172,2
DA:174,1
DA:183,3
DA:184,6
DA:188,3
DA:189,6
DA:197,1
DA:198,1
DA:199,4
DA:200,1
DA:204,2
DA:205,3
DA:206,2
DA:207,2
DA:210,1
DA:211,2
DA:214,1
DA:218,3
DA:219,2
DA:223,2
DA:224,1
DA:226,2
DA:227,2
DA:229,2
DA:231,1
DA:233,2
DA:234,1
DA:235,1
DA:238,0
DA:242,2
DA:245,2
DA:246,2
DA:248,2
DA:249,6
DA:250,6
DA:253,0
DA:259,2
DA:260,4
DA:263,2
DA:266,6
DA:267,2
DA:269,4
DA:270,2
DA:272,2
DA:274,0
DA:285,1
DA:286,2
DA:289,2
DA:291,0
DA:301,1
DA:306,1
DA:309,2
DA:310,1
DA:315,1
DA:316,1
DA:319,3
DA:320,1
DA:326,1
DA:331,2
DA:334,1
DA:335,1
DA:338,1
DA:340,1
DA:346,1
DA:347,1
DA:349,1
DA:350,4
DA:356,1
DA:361,2
DA:364,2
DA:365,1
DA:367,1
DA:368,2
DA:369,1
DA:372,1
DA:374,0
DA:379,1
DA:380,2
DA:381,4
DA:385,2
DA:388,2
DA:391,2
DA:392,2
DA:393,4
DA:394,2
DA:395,2
DA:396,2
DA:397,2
DA:398,2
DA:404,2
DA:413,1
DA:414,2
DA:415,0
LF:153
LH:134
end_of_record
SF:lib/core/performance/performance_observer.dart
DA:9,2
DA:24,2
DA:25,2
DA:26,2
DA:28,2
DA:31,2
DA:32,2
DA:33,0
DA:36,2
DA:40,2
DA:42,2
DA:44,2
DA:46,2
DA:47,4
DA:50,6
DA:51,4
DA:55,1
DA:57,1
DA:59,1
DA:61,1
DA:62,2
DA:64,3
DA:65,2
DA:75,0
DA:91,1
DA:93,1
DA:100,1
DA:102,1
DA:103,4
DA:106,1
DA:108,1
DA:109,3
DA:110,1
DA:111,1
DA:112,4
DA:114,2
DA:115,5
DA:121,2
DA:129,1
DA:140,1
DA:142,1
DA:150,1
DA:152,1
DA:153,2
DA:154,1
DA:158,1
DA:160,1
DA:163,4
DA:164,1
DA:168,4
DA:169,1
DA:173,1
DA:174,1
DA:175,1
DA:176,5
DA:179,1
DA:180,1
DA:181,1
DA:182,1
DA:183,5
DA:186,1
DA:188,2
LF:62
LH:60
end_of_record
SF:lib/core/router.dart
DA:130,2
DA:135,2
DA:136,2
DA:137,2
DA:138,2
DA:139,2
DA:140,2
DA:141,2
DA:142,2
DA:144,4
DA:145,2
DA:146,2
DA:148,2
DA:149,2
DA:150,2
DA:151,2
DA:155,2
DA:156,2
DA:157,2
DA:158,2
DA:159,2
DA:160,2
DA:161,2
DA:162,2
DA:163,2
DA:164,2
DA:170,2
DA:174,2
DA:180,2
DA:181,2
DA:187,2
DA:188,2
DA:189,2
DA:243,2
DA:244,2
DA:245,2
DA:262,2
DA:263,1
DA:307,2
DA:329,1
DA:334,1
DA:336,2
DA:337,1
DA:338,1
DA:339,3
DA:342,1
DA:343,4
DA:344,1
DA:345,1
DA:347,1
DA:348,1
DA:350,0
DA:352,1
DA:354,0
DA:355,0
DA:357,1
DA:359,1
DA:360,1
DA:361,1
DA:362,1
DA:364,1
DA:365,1
DA:367,1
DA:369,1
DA:370,1
DA:372,1
DA:374,1
DA:375,1
DA:377,1
DA:379,1
DA:380,3
DA:381,1
DA:382,1
DA:384,2
DA:387,1
DA:389,1
DA:390,1
DA:392,1
DA:394,1
DA:395,1
DA:397,1
DA:399,1
DA:400,1
DA:404,1
DA:406,1
DA:407,1
DA:409,1
DA:411,1
DA:412,3
DA:413,2
DA:414,1
DA:416,1
DA:420,1
DA:422,1
DA:423,1
DA:425,1
DA:427,1
DA:428,1
DA:430,1
DA:432,1
DA:433,1
DA:435,1
DA:437,1
DA:438,1
DA:440,1
DA:442,1
DA:443,1
DA:445,1
DA:447,1
DA:448,1
DA:450,1
DA:452,1
DA:453,1
DA:455,1
DA:457,1
DA:458,1
DA:460,1
DA:462,0
DA:464,1
DA:466,1
DA:467,1
DA:468,1
DA:469,0
DA:471,2
DA:472,3
DA:473,2
DA:474,0
DA:476,1
DA:478,1
DA:482,1
DA:484,0
DA:485,0
DA:487,1
DA:489,0
DA:490,0
DA:491,0
DA:492,0
DA:494,0
DA:495,0
DA:496,0
DA:497,0
DA:498,0
DA:502,0
DA:505,1
DA:507,0
DA:508,0
DA:509,0
DA:510,0
DA:512,0
DA:513,0
DA:514,0
DA:515,0
DA:519,0
DA:522,1
DA:524,1
DA:525,1
DA:527,1
DA:529,0
DA:530,0
DA:532,1
DA:534,0
DA:535,0
DA:537,1
DA:539,0
DA:540,0
DA:541,0
DA:544,1
DA:546,0
DA:547,0
DA:549,1
DA:551,0
DA:552,0
DA:553,0
DA:554,0
DA:555,0
DA:557,0
DA:561,1
DA:563,0
DA:564,0
DA:565,0
DA:568,1
DA:570,1
DA:571,1
DA:573,1
DA:575,0
DA:576,0
DA:578,1
DA:580,0
DA:581,0
DA:583,1
DA:585,0
DA:586,0
DA:588,1
DA:590,0
DA:591,0
DA:592,0
DA:593,0
DA:595,0
DA:598,1
DA:600,0
DA:601,0
DA:603,1
DA:605,0
DA:606,0
DA:608,1
DA:610,0
DA:611,0
DA:613,1
DA:615,0
DA:616,0
DA:618,1
DA:620,0
DA:621,0
DA:623,1
DA:625,0
DA:626,0
DA:628,1
DA:630,0
DA:631,0
DA:633,1
DA:635,0
DA:636,0
DA:638,1
DA:640,0
DA:641,0
DA:643,1
DA:645,0
DA:647,0
DA:648,0
DA:650,0
DA:651,0
DA:653,0
DA:655,0
DA:656,0
DA:665,1
DA:667,0
DA:668,0
DA:669,0
DA:670,0
DA:672,0
DA:675,1
DA:677,1
DA:679,2
DA:680,0
DA:682,1
DA:683,0
DA:685,2
DA:688,1
DA:690,0
DA:691,0
DA:692,0
DA:693,0
DA:695,0
DA:696,0
DA:697,0
DA:698,0
DA:702,0
DA:705,1
DA:707,1
DA:708,1
DA:710,1
DA:712,1
DA:713,1
DA:715,1
DA:717,1
DA:718,1
DA:720,1
DA:722,1
DA:723,1
DA:725,1
DA:727,1
DA:728,1
DA:730,1
DA:732,1
DA:733,1
DA:737,1
DA:739,1
DA:740,1
DA:746,1
DA:747,1
DA:748,1
DA:750,1
DA:751,1
DA:755,1
DA:758,1
DA:759,1
DA:761,1
DA:768,1
DA:776,1
DA:778,1
DA:779,1
DA:780,2
DA:781,1
DA:782,2
DA:785,2
DA:792,2
DA:799,0
DA:800,0
DA:801,0
DA:802,0
DA:803,0
DA:804,0
DA:806,0
DA:813,1
DA:817,1
DA:819,1
DA:820,1
DA:821,2
DA:822,1
DA:823,2
DA:826,2
DA:829,1
DA:830,2
DA:838,2
DA:842,1
DA:844,1
DA:845,1
DA:846,1
DA:848,1
DA:851,2
DA:860,2
DA:864,1
DA:866,1
DA:867,1
DA:868,1
DA:870,1
DA:872,1
DA:873,2
DA:875,1
DA:876,0
LF:330
LH:224
end_of_record
SF:lib/dev/widget_catalog/widget_catalog_screen.dart
DA:15,2
DA:17,1
DA:19,1
DA:20,1
DA:22,1
DA:23,1
DA:25,0
DA:27,0
DA:36,1
DA:38,1
DA:39,1
DA:41,4
DA:47,1
DA:48,1
DA:49,1
DA:51,1
DA:52,1
DA:54,3
DA:59,1
DA:62,3
DA:63,2
DA:67,1
DA:70,1
DA:71,4
DA:80,3
DA:81,1
DA:86,0
DA:88,1
DA:93,0
DA:95,1
DA:100,0
DA:102,1
DA:107,0
DA:109,1
DA:114,0
DA:116,1
DA:121,0
DA:123,1
DA:128,0
DA:130,1
DA:135,0
DA:147,1
DA:159,1
DA:161,1
DA:163,1
DA:165,1
DA:167,1
DA:168,1
DA:171,1
DA:172,3
DA:173,1
DA:175,1
DA:176,2
DA:177,2
DA:180,1
DA:181,2
DA:182,3
DA:186,1
DA:187,2
DA:188,2
DA:191,0
DA:192,0
DA:193,0
DA:194,0
DA:206,0
DA:208,0
DA:210,0
DA:211,0
DA:212,0
DA:214,0
DA:216,0
DA:225,2
DA:227,1
DA:229,1
DA:230,1
DA:232,1
DA:233,2
DA:234,1
DA:236,1
DA:237,1
DA:238,3
DA:239,2
LF:82
LH:61
end_of_record
SF:lib/core/router_refresh_stream.dart
DA:5,2
DA:6,7
DA:7,1
DA:13,1
DA:15,2
DA:16,1
LF:6
LH:6
end_of_record
SF:lib/features/auth/presentation/screens/splash_screen.dart
DA:16,2
DA:18,0
DA:19,0
DA:47,0
DA:49,0
DA:51,0
DA:57,0
DA:58,0
DA:63,0
DA:64,0
DA:69,0
DA:70,0
DA:75,0
DA:76,0
DA:79,0
DA:82,0
DA:83,0
DA:84,0
DA:90,0
DA:91,0
DA:95,0
DA:98,0
DA:99,0
DA:100,0
DA:105,0
DA:106,0
DA:107,0
DA:108,0
DA:112,0
DA:113,0
DA:114,0
DA:115,0
DA:120,0
DA:121,0
DA:122,0
DA:126,0
DA:128,0
DA:129,0
DA:130,0
DA:131,0
DA:134,0
DA:135,0
DA:136,0
DA:137,0
DA:139,0
DA:140,0
DA:142,0
DA:143,0
DA:144,0
DA:145,0
DA:148,0
DA:151,0
DA:152,0
DA:153,0
DA:154,0
DA:157,0
DA:159,0
DA:160,0
DA:161,0
DA:162,0
DA:163,0
DA:164,0
DA:168,0
DA:169,0
DA:175,0
DA:176,0
DA:177,0
DA:183,0
DA:184,0
DA:185,0
DA:186,0
DA:192,0
DA:193,0
DA:194,0
DA:195,0
DA:196,0
DA:197,0
DA:198,0
DA:203,0
DA:204,0
DA:205,0
DA:206,0
DA:207,0
DA:208,0
DA:211,0
DA:212,0
DA:213,0
DA:214,0
DA:216,0
DA:218,0
DA:221,0
DA:223,0
DA:224,0
DA:225,0
DA:226,0
DA:227,0
DA:230,0
DA:231,0
DA:233,0
DA:234,0
DA:235,0
DA:237,0
DA:243,0
DA:246,0
DA:250,0
DA:253,0
DA:254,0
DA:255,0
DA:256,0
DA:257,0
DA:258,0
DA:259,0
DA:261,0
DA:262,0
DA:263,0
DA:264,0
DA:265,0
DA:277,0
DA:278,0
DA:279,0
DA:280,0
DA:281,0
DA:283,0
DA:293,0
DA:294,0
DA:295,0
DA:297,0
DA:298,0
DA:322,0
DA:328,0
DA:330,0
DA:331,0
DA:333,0
DA:334,0
DA:336,0
DA:337,0
DA:340,0
DA:341,0
DA:342,0
DA:343,0
DA:345,0
DA:348,0
DA:350,0
DA:353,0
DA:354,0
DA:356,0
DA:358,0
DA:362,0
DA:363,0
DA:364,0
DA:365,0
DA:366,0
DA:370,0
DA:372,0
DA:375,0
DA:376,0
DA:378,0
DA:379,0
DA:381,0
DA:382,0
DA:386,0
DA:387,0
DA:388,0
DA:389,0
DA:390,0
DA:392,0
DA:394,0
DA:397,0
DA:398,0
DA:400,0
DA:401,0
DA:403,0
DA:406,0
DA:409,0
DA:411,0
DA:412,0
DA:413,0
LF:177
LH:1
end_of_record
SF:lib/features/auth/presentation/screens/auth_gateway_screen.dart
DA:16,2
DA:18,1
DA:19,1
DA:28,1
DA:30,1
DA:33,2
DA:38,2
DA:39,1
DA:44,2
DA:47,1
DA:49,2
DA:50,1
DA:54,0
DA:55,0
DA:56,0
DA:58,0
DA:61,0
DA:62,0
DA:66,0
DA:67,0
DA:69,0
DA:70,0
DA:71,0
DA:72,0
DA:77,0
DA:78,0
DA:80,0
DA:81,0
DA:82,0
DA:83,0
DA:88,0
DA:89,0
DA:90,0
DA:93,0
DA:96,1
DA:98,3
DA:100,2
DA:102,1
DA:104,2
DA:105,0
DA:107,1
DA:108,1
DA:109,1
DA:111,1
DA:112,1
DA:115,1
DA:116,1
DA:117,1
DA:118,1
DA:119,1
DA:120,1
DA:122,3
DA:123,1
DA:125,4
DA:128,1
DA:132,1
DA:134,1
DA:135,1
DA:136,1
DA:137,1
DA:147,1
DA:149,4
DA:160,1
DA:166,1
DA:172,1
DA:179,1
DA:181,2
DA:182,1
DA:184,1
DA:185,1
DA:187,1
DA:188,2
DA:198,1
DA:200,2
DA:201,1
DA:203,1
DA:204,0
DA:206,1
DA:207,2
DA:216,0
DA:218,0
DA:221,0
DA:223,0
DA:224,0
DA:228,0
DA:252,1
DA:254,1
DA:257,4
DA:263,1
DA:273,1
DA:283,1
DA:285,1
DA:286,1
DA:287,1
DA:290,1
DA:291,1
DA:292,1
DA:294,1
DA:295,1
DA:301,1
DA:302,1
DA:303,1
DA:304,4
DA:305,1
DA:319,2
DA:321,0
DA:323,0
DA:325,0
DA:326,0
DA:327,0
DA:329,0
DA:331,0
DA:333,0
DA:335,0
DA:338,0
DA:339,0
DA:340,0
DA:350,0
DA:352,0
DA:359,0
DA:361,0
DA:370,0
DA:372,0
DA:379,0
DA:380,0
DA:381,0
DA:382,0
DA:383,0
DA:384,0
DA:386,0
DA:395,0
DA:396,0
DA:397,0
DA:405,0
DA:407,0
LF:135
LH:75
end_of_record
SF:lib/features/auth/presentation/screens/login_screen.dart
DA:16,2
DA:18,1
DA:19,1
DA:31,1
DA:33,2
DA:34,2
DA:35,1
DA:38,1
DA:40,3
DA:41,1
DA:42,1
DA:44,2
DA:45,0
DA:47,1
DA:48,0
DA:49,0
DA:50,0
DA:51,0
DA:53,0
DA:54,0
DA:55,0
DA:56,0
DA:57,0
DA:60,0
DA:61,0
DA:64,1
DA:65,1
DA:66,1
DA:69,1
DA:70,1
DA:72,1
DA:74,1
DA:76,1
DA:79,1
DA:85,1
DA:86,1
DA:87,1
DA:88,1
DA:101,1
DA:102,2
DA:104,4
DA:109,1
DA:110,2
DA:112,4
DA:120,1
DA:121,1
DA:123,2
DA:124,0
DA:129,1
DA:130,1
DA:134,0
DA:139,1
DA:140,1
DA:141,2
DA:144,1
DA:145,1
DA:146,1
DA:147,1
DA:150,0
DA:151,0
DA:152,0
DA:154,0
DA:158,1
DA:160,1
DA:162,2
DA:163,1
DA:164,1
DA:166,0
DA:167,3
DA:173,1
DA:175,2
DA:176,1
DA:178,1
DA:179,2
DA:180,1
DA:189,1
DA:190,2
DA:201,1
DA:202,1
DA:204,1
DA:206,1
DA:208,1
DA:219,0
DA:220,0
DA:223,0
DA:225,0
DA:226,0
DA:230,0
DA:256,1
DA:258,2
DA:259,1
DA:261,1
DA:262,1
DA:264,0
DA:265,1
DA:267,1
DA:273,1
DA:274,2
DA:285,1
DA:288,1
DA:291,1
DA:292,0
DA:293,0
DA:294,0
DA:295,0
DA:296,0
DA:297,0
DA:300,1
DA:302,1
DA:303,1
DA:304,1
DA:305,1
DA:306,1
DA:309,1
DA:310,1
DA:317,1
DA:318,1
DA:320,1
DA:321,1
DA:323,1
DA:324,1
DA:325,1
DA:326,1
DA:331,1
DA:333,1
DA:334,1
DA:335,1
DA:336,1
DA:338,1
DA:344,1
DA:346,1
DA:362,0
DA:363,0
DA:364,0
DA:370,0
DA:375,0
DA:376,0
DA:381,0
DA:388,0
DA:389,0
DA:390,0
DA:396,0
DA:398,0
DA:400,0
DA:401,0
DA:403,0
DA:404,0
[...]
DA:3631,0
DA:3634,0
DA:3637,0
DA:3640,0
DA:3643,0
DA:3646,0
DA:3649,0
DA:3652,0
DA:3655,0
DA:3658,0
DA:3661,0
DA:3664,0
DA:3667,0
DA:3670,0
DA:3673,0
DA:3676,0
DA:3679,0
DA:3682,0
DA:3685,0
DA:3688,0
DA:3691,0
DA:3694,0
DA:3697,0
DA:3700,0
DA:3703,0
DA:3706,0
DA:3709,0
DA:3712,0
DA:3715,0
DA:3718,0
DA:3721,0
DA:3724,0
DA:3727,0
DA:3730,0
DA:3733,0
DA:3736,0
DA:3739,0
DA:3742,0
DA:3745,0
DA:3748,0
DA:3751,0
DA:3754,0
DA:3757,0
DA:3760,0
DA:3763,0
DA:3766,0
DA:3769,0
DA:3772,0
DA:3775,0
DA:3778,0
DA:3781,0
DA:3784,0
DA:3787,0
DA:3790,0
DA:3793,0
DA:3796,0
DA:3799,0
DA:3802,0
DA:3805,0
DA:3808,0
DA:3811,0
DA:3814,0
DA:3817,0
DA:3820,0
DA:3823,0
DA:3826,0
DA:3829,0
DA:3832,0
DA:3835,0
DA:3838,0
DA:3841,0
DA:3844,0
DA:3847,0
DA:3850,0
DA:3853,0
DA:3856,0
DA:3859,0
DA:3862,0
DA:3865,0
DA:3868,0
DA:3871,0
DA:3874,0
DA:3877,0
DA:3880,0
DA:3883,0
DA:3886,0
DA:3889,0
DA:3892,0
DA:3895,0
DA:3898,0
DA:3901,0
DA:3904,0
DA:3907,0
DA:3910,0
DA:3913,0
DA:3916,0
DA:3919,0
DA:3922,0
DA:3925,0
DA:3928,0
DA:3931,0
DA:3934,0
DA:3937,0
DA:3940,0
DA:3943,0
DA:3946,0
DA:3949,0
DA:3952,0
DA:3955,0
LF:1330
LH:0
end_of_record
SF:lib/l10n/generated/app_localizations_zh.dart
DA:9,0
DA:11,0
DA:14,0
DA:17,0
DA:20,0
DA:23,0
DA:26,0
DA:29,0
DA:32,0
DA:35,0
DA:38,0
DA:41,0
DA:44,0
DA:47,0
DA:50,0
DA:53,0
DA:56,0
DA:59,0
DA:62,0
DA:65,0
DA:68,0
DA:71,0
DA:74,0
DA:77,0
DA:80,0
DA:83,0
DA:86,0
DA:89,0
DA:92,0
DA:95,0
DA:98,0
DA:101,0
DA:104,0
DA:107,0
DA:110,0
DA:113,0
DA:116,0
DA:119,0
DA:122,0
DA:125,0
DA:128,0
DA:131,0
DA:134,0
DA:137,0
DA:140,0
DA:143,0
DA:146,0
DA:149,0
DA:152,0
DA:155,0
DA:158,0
DA:161,0
DA:164,0
DA:167,0
DA:170,0
DA:173,0
DA:176,0
DA:179,0
DA:182,0
DA:185,0
DA:188,0
DA:191,0
DA:194,0
DA:197,0
DA:200,0
DA:203,0
DA:206,0
DA:209,0
DA:212,0
DA:215,0
DA:218,0
DA:221,0
DA:224,0
DA:227,0
DA:230,0
DA:233,0
DA:236,0
DA:239,0
DA:242,0
DA:245,0
DA:248,0
DA:251,0
DA:254,0
DA:257,0
DA:260,0
DA:263,0
DA:266,0
DA:269,0
DA:272,0
DA:275,0
DA:278,0
DA:281,0
DA:284,0
DA:287,0
DA:289,0
DA:292,0
DA:294,0
DA:297,0
DA:300,0
DA:303,0
DA:306,0
DA:309,0
DA:312,0
DA:315,0
DA:318,0
DA:321,0
DA:324,0
DA:327,0
DA:330,0
DA:333,0
DA:335,0
DA:338,0
DA:341,0
DA:343,0
DA:346,0
DA:349,0
DA:352,0
DA:355,0
DA:358,0
DA:361,0
DA:364,0
DA:367,0
DA:370,0
DA:373,0
DA:376,0
DA:379,0
DA:381,0
DA:384,0
DA:386,0
DA:388,0
DA:389,0
DA:392,0
DA:395,0
DA:398,0
DA:401,0
DA:404,0
DA:407,0
DA:410,0
DA:413,0
DA:416,0
DA:419,0
DA:422,0
DA:425,0
DA:428,0
DA:431,0
DA:434,0
DA:437,0
DA:440,0
DA:443,0
DA:446,0
DA:449,0
DA:452,0
DA:455,0
DA:458,0
DA:461,0
DA:464,0
DA:467,0
DA:470,0
DA:473,0
DA:476,0
DA:479,0
DA:482,0
DA:484,0
DA:487,0
DA:489,0
DA:492,0
DA:495,0
DA:498,0
DA:501,0
DA:504,0
DA:507,0
DA:510,0
DA:513,0
DA:516,0
DA:519,0
DA:522,0
DA:525,0
DA:528,0
DA:531,0
DA:534,0
DA:537,0
DA:540,0
DA:543,0
DA:546,0
DA:549,0
DA:552,0
DA:555,0
DA:558,0
DA:561,0
DA:564,0
DA:567,0
DA:570,0
DA:573,0
DA:576,0
DA:579,0
DA:582,0
DA:585,0
DA:588,0
DA:591,0
DA:593,0
DA:596,0
DA:599,0
DA:602,0
DA:605,0
DA:608,0
DA:611,0
DA:614,0
DA:617,0
DA:620,0
DA:623,0
DA:626,0
DA:629,0
DA:632,0
DA:635,0
DA:638,0
DA:641,0
DA:644,0
DA:647,0
DA:650,0
DA:653,0
DA:656,0
DA:659,0
DA:662,0
DA:665,0
DA:668,0
DA:671,0
DA:674,0
DA:677,0
DA:680,0
DA:683,0
DA:686,0
DA:689,0
DA:692,0
DA:695,0
DA:698,0
DA:701,0
DA:704,0
DA:707,0
DA:710,0
DA:713,0
DA:716,0
DA:719,0
DA:722,0
DA:725,0
DA:728,0
DA:730,0
DA:733,0
DA:736,0
DA:739,0
DA:742,0
DA:745,0
DA:748,0
DA:751,0
DA:754,0
DA:757,0
DA:760,0
DA:763,0
DA:766,0
DA:769,0
DA:772,0
DA:775,0
DA:778,0
DA:781,0
DA:784,0
DA:787,0
DA:790,0
DA:793,0
DA:796,0
DA:799,0
DA:802,0
DA:805,0
DA:808,0
DA:811,0
DA:814,0
DA:817,0
DA:820,0
DA:823,0
DA:826,0
DA:829,0
DA:832,0
DA:835,0
DA:838,0
DA:841,0
DA:844,0
DA:847,0
DA:850,0
DA:853,0
DA:856,0
DA:859,0
DA:862,0
DA:865,0
DA:868,0
DA:871,0
DA:874,0
DA:877,0
DA:879,0
DA:882,0
DA:885,0
DA:888,0
DA:891,0
DA:894,0
DA:897,0
DA:900,0
DA:903,0
DA:906,0
DA:909,0
DA:912,0
DA:915,0
DA:918,0
DA:921,0
DA:924,0
DA:926,0
DA:929,0
DA:932,0
DA:935,0
DA:938,0
DA:941,0
DA:944,0
DA:946,0
DA:949,0
DA:952,0
DA:955,0
DA:958,0
DA:961,0
DA:964,0
DA:967,0
DA:970,0
DA:973,0
DA:976,0
DA:978,0
DA:981,0
DA:984,0
DA:987,0
DA:990,0
DA:993,0
DA:996,0
DA:999,0
DA:1002,0
DA:1005,0
DA:1008,0
DA:1011,0
DA:1014,0
DA:1017,0
DA:1020,0
DA:1023,0
DA:1026,0
DA:1029,0
DA:1032,0
DA:1035,0
DA:1038,0
DA:1041,0
DA:1044,0
DA:1047,0
DA:1050,0
DA:1053,0
DA:1056,0
DA:1058,0
DA:1061,0
DA:1064,0
DA:1067,0
DA:1070,0
DA:1073,0
DA:1076,0
DA:1079,0
DA:1082,0
DA:1085,0
DA:1088,0
DA:1091,0
DA:1094,0
DA:1097,0
DA:1100,0
DA:1103,0
DA:1106,0
DA:1109,0
DA:1112,0
DA:1115,0
DA:1118,0
DA:1121,0
DA:1124,0
DA:1127,0
DA:1130,0
DA:1133,0
DA:1135,0
DA:1138,0
DA:1141,0
DA:1144,0
DA:1147,0
DA:1150,0
DA:1153,0
DA:1156,0
DA:1159,0
DA:1162,0
DA:1165,0
DA:1168,0
DA:1171,0
DA:1174,0
DA:1177,0
DA:1180,0
DA:1183,0
DA:1186,0
DA:1189,0
DA:1192,0
DA:1194,0
DA:1197,0
DA:1199,0
DA:1202,0
DA:1205,0
DA:1208,0
DA:1210,0
DA:1213,0
DA:1215,0
DA:1218,0
DA:1221,0
DA:1224,0
DA:1227,0
DA:1230,0
DA:1233,0
DA:1236,0
DA:1238,0
DA:1241,0
DA:1244,0
DA:1247,0
DA:1250,0
DA:1253,0
DA:1256,0
DA:1259,0
DA:1262,0
DA:1265,0
DA:1268,0
DA:1271,0
DA:1274,0
DA:1276,0
DA:1278,0
DA:1279,0
DA:1282,0
DA:1285,0
DA:1287,0
DA:1289,0
DA:1290,0
DA:1293,0
DA:1296,0
DA:1298,0
DA:1300,0
DA:1301,0
DA:1304,0
DA:1307,0
DA:1309,0
DA:1311,0
DA:1312,0
DA:1315,0
DA:1318,0
DA:1321,0
DA:1324,0
DA:1327,0
DA:1330,0
DA:1333,0
DA:1336,0
DA:1339,0
DA:1342,0
DA:1345,0
DA:1348,0
DA:1351,0
DA:1354,0
DA:1357,0
DA:1360,0
DA:1363,0
DA:1366,0
DA:1369,0
DA:1372,0
DA:1375,0
DA:1378,0
DA:1381,0
DA:1384,0
DA:1387,0
DA:1390,0
DA:1393,0
DA:1396,0
DA:1399,0
DA:1402,0
DA:1405,0
DA:1408,0
DA:1411,0
DA:1414,0
DA:1417,0
DA:1420,0
DA:1423,0
DA:1426,0
DA:1429,0
DA:1432,0
DA:1435,0
DA:1438,0
DA:1441,0
DA:1444,0
DA:1447,0
DA:1450,0
DA:1453,0
DA:1456,0
DA:1459,0
DA:1462,0
DA:1465,0
DA:1468,0
DA:1471,0
DA:1474,0
DA:1477,0
DA:1480,0
DA:1483,0
DA:1486,0
DA:1489,0
DA:1492,0
DA:1495,0
DA:1498,0
DA:1501,0
DA:1504,0
DA:1507,0
DA:1510,0
DA:1513,0
DA:1516,0
DA:1519,0
DA:1522,0
DA:1525,0
DA:1528,0
DA:1531,0
DA:1534,0
DA:1537,0
DA:1540,0
DA:1543,0
DA:1546,0
DA:1549,0
DA:1552,0
DA:1555,0
DA:1558,0
DA:1561,0
DA:1564,0
DA:1567,0
DA:1570,0
DA:1573,0
DA:1576,0
DA:1579,0
DA:1582,0
DA:1585,0
DA:1588,0
DA:1591,0
DA:1594,0
DA:1597,0
DA:1600,0
DA:1603,0
DA:1606,0
DA:1609,0
DA:1612,0
DA:1615,0
DA:1618,0
DA:1621,0
DA:1624,0
DA:1627,0
DA:1630,0
DA:1633,0
DA:1636,0
DA:1639,0
DA:1642,0
DA:1645,0
DA:1648,0
DA:1651,0
DA:1654,0
DA:1657,0
DA:1660,0
DA:1663,0
DA:1666,0
DA:1669,0
DA:1672,0
DA:1675,0
DA:1678,0
DA:1681,0
DA:1684,0
DA:1687,0
DA:1690,0
DA:1693,0
DA:1696,0
DA:1699,0
DA:1702,0
DA:1705,0
DA:1708,0
DA:1711,0
DA:1714,0
DA:1717,0
DA:1720,0
DA:1723,0
DA:1726,0
DA:1729,0
DA:1732,0
DA:1735,0
DA:1738,0
DA:1741,0
DA:1744,0
DA:1747,0
DA:1750,0
DA:1753,0
DA:1756,0
DA:1759,0
DA:1762,0
DA:1765,0
DA:1768,0
DA:1771,0
DA:1774,0
DA:1777,0
DA:1780,0
DA:1783,0
DA:1786,0
DA:1789,0
DA:1792,0
DA:1795,0
DA:1798,0
DA:1801,0
DA:1804,0
DA:1807,0
DA:1810,0
DA:1813,0
DA:1816,0
DA:1819,0
DA:1822,0
DA:1825,0
DA:1828,0
DA:1831,0
DA:1834,0
DA:1837,0
DA:1840,0
DA:1843,0
DA:1846,0
DA:1849,0
DA:1852,0
DA:1855,0
DA:1858,0
DA:1861,0
DA:1864,0
DA:1867,0
DA:1870,0
DA:1873,0
DA:1876,0
DA:1879,0
DA:1882,0
DA:1885,0
DA:1888,0
DA:1891,0
DA:1894,0
DA:1897,0
DA:1900,0
DA:1903,0
DA:1906,0
DA:1909,0
DA:1912,0
DA:1915,0
DA:1918,0
DA:1921,0
DA:1924,0
DA:1927,0
DA:1930,0
DA:1933,0
DA:1936,0
DA:1939,0
DA:1942,0
DA:1945,0
DA:1948,0
DA:1951,0
DA:1954,0
DA:1957,0
DA:1960,0
DA:1963,0
DA:1966,0
DA:1969,0
DA:1972,0
DA:1975,0
DA:1978,0
DA:1981,0
DA:1984,0
DA:1987,0
DA:1990,0
DA:1993,0
DA:1996,0
DA:1999,0
DA:2002,0
DA:2005,0
DA:2008,0
DA:2011,0
DA:2014,0
DA:2017,0
DA:2020,0
DA:2023,0
DA:2026,0
DA:2029,0
DA:2032,0
DA:2035,0
DA:2038,0
DA:2041,0
DA:2044,0
DA:2047,0
DA:2050,0
DA:2053,0
DA:2056,0
DA:2059,0
DA:2062,0
DA:2065,0
DA:2068,0
DA:2071,0
DA:2074,0
DA:2077,0
DA:2080,0
DA:2083,0
DA:2086,0
DA:2089,0
DA:2092,0
DA:2095,0
DA:2098,0
DA:2101,0
DA:2104,0
DA:2107,0
DA:2110,0
DA:2113,0
DA:2116,0
DA:2119,0
DA:2122,0
DA:2125,0
DA:2128,0
DA:2131,0
DA:2134,0
DA:2137,0
DA:2140,0
DA:2143,0
DA:2146,0
DA:2149,0
DA:2152,0
DA:2155,0
DA:2158,0
DA:2161,0
DA:2164,0
DA:2167,0
DA:2170,0
DA:2173,0
DA:2176,0
DA:2179,0
DA:2182,0
DA:2185,0
DA:2188,0
DA:2191,0
DA:2194,0
DA:2197,0
DA:2200,0
DA:2203,0
DA:2206,0
DA:2209,0
DA:2212,0
DA:2215,0
DA:2218,0
DA:2221,0
DA:2224,0
DA:2227,0
DA:2230,0
DA:2233,0
DA:2236,0
DA:2239,0
DA:2242,0
DA:2245,0
DA:2248,0
DA:2251,0
DA:2254,0
DA:2257,0
DA:2260,0
DA:2263,0
DA:2266,0
DA:2269,0
DA:2272,0
DA:2275,0
DA:2278,0
DA:2281,0
DA:2284,0
DA:2287,0
DA:2290,0
DA:2293,0
DA:2296,0
DA:2299,0
DA:2302,0
DA:2305,0
DA:2308,0
DA:2311,0
DA:2314,0
DA:2317,0
DA:2320,0
DA:2323,0
DA:2326,0
DA:2329,0
DA:2332,0
DA:2335,0
DA:2338,0
DA:2341,0
DA:2344,0
DA:2347,0
DA:2350,0
DA:2353,0
DA:2356,0
DA:2359,0
DA:2362,0
DA:2365,0
DA:2368,0
DA:2371,0
DA:2374,0
DA:2377,0
DA:2380,0
DA:2383,0
DA:2386,0
DA:2389,0
DA:2392,0
DA:2395,0
DA:2398,0
DA:2401,0
DA:2404,0
DA:2407,0
DA:2410,0
DA:2413,0
DA:2416,0
DA:2419,0
DA:2422,0
DA:2425,0
DA:2428,0
DA:2431,0
DA:2434,0
DA:2437,0
DA:2440,0
DA:2443,0
DA:2446,0
DA:2449,0
DA:2452,0
DA:2455,0
DA:2458,0
DA:2461,0
DA:2464,0
DA:2467,0
DA:2470,0
DA:2473,0
DA:2476,0
DA:2479,0
DA:2482,0
DA:2485,0
DA:2488,0
DA:2491,0
DA:2494,0
DA:2497,0
DA:2500,0
DA:2503,0
DA:2506,0
DA:2509,0
DA:2512,0
DA:2515,0
DA:2518,0
DA:2521,0
DA:2524,0
DA:2527,0
DA:2530,0
DA:2533,0
DA:2536,0
DA:2539,0
DA:2542,0
DA:2545,0
DA:2548,0
DA:2551,0
DA:2554,0
DA:2557,0
DA:2560,0
DA:2563,0
DA:2566,0
DA:2569,0
DA:2572,0
DA:2575,0
DA:2578,0
DA:2581,0
DA:2584,0
DA:2587,0
DA:2590,0
DA:2593,0
DA:2596,0
DA:2599,0
DA:2602,0
DA:2605,0
DA:2608,0
DA:2611,0
DA:2614,0
DA:2617,0
DA:2620,0
DA:2623,0
DA:2626,0
DA:2629,0
DA:2632,0
DA:2635,0
DA:2638,0
DA:2641,0
DA:2644,0
DA:2647,0
DA:2650,0
DA:2653,0
DA:2656,0
DA:2659,0
DA:2662,0
DA:2665,0
DA:2668,0
DA:2671,0
DA:2674,0
DA:2677,0
DA:2680,0
DA:2683,0
DA:2686,0
DA:2689,0
DA:2692,0
DA:2695,0
DA:2698,0
DA:2701,0
DA:2704,0
DA:2707,0
DA:2710,0
DA:2713,0
DA:2716,0
DA:2719,0
DA:2722,0
DA:2725,0
DA:2728,0
DA:2731,0
DA:2734,0
DA:2737,0
DA:2740,0
DA:2743,0
DA:2746,0
DA:2749,0
DA:2752,0
DA:2755,0
DA:2758,0
DA:2761,0
DA:2764,0
DA:2767,0
DA:2770,0
DA:2773,0
DA:2776,0
DA:2779,0
DA:2782,0
DA:2785,0
DA:2788,0
DA:2791,0
DA:2794,0
DA:2797,0
DA:2800,0
DA:2803,0
DA:2806,0
DA:2809,0
DA:2812,0
DA:2815,0
DA:2818,0
DA:2821,0
DA:2824,0
DA:2827,0
DA:2830,0
DA:2833,0
DA:2836,0
DA:2839,0
DA:2842,0
DA:2845,0
DA:2848,0
DA:2851,0
DA:2854,0
DA:2857,0
DA:2860,0
DA:2863,0
DA:2866,0
DA:2869,0
DA:2872,0
DA:2875,0
DA:2878,0
DA:2881,0
DA:2884,0
DA:2887,0
DA:2890,0
DA:2893,0
DA:2896,0
DA:2899,0
DA:2902,0
DA:2905,0
DA:2908,0
DA:2911,0
DA:2914,0
DA:2917,0
DA:2920,0
DA:2923,0
DA:2926,0
DA:2929,0
DA:2932,0
DA:2935,0
DA:2938,0
DA:2941,0
DA:2944,0
DA:2947,0
DA:2950,0
DA:2953,0
DA:2956,0
DA:2959,0
DA:2962,0
DA:2965,0
DA:2968,0
DA:2971,0
DA:2974,0
DA:2977,0
DA:2980,0
DA:2983,0
DA:2986,0
DA:2989,0
DA:2992,0
DA:2995,0
DA:2998,0
DA:3001,0
DA:3004,0
DA:3007,0
DA:3010,0
DA:3013,0
DA:3016,0
DA:3019,0
DA:3022,0
DA:3025,0
DA:3028,0
DA:3031,0
DA:3034,0
DA:3037,0
DA:3040,0
DA:3043,0
DA:3046,0
DA:3049,0
DA:3052,0
DA:3055,0
DA:3058,0
DA:3061,0
DA:3064,0
DA:3067,0
DA:3070,0
DA:3073,0
DA:3076,0
DA:3079,0
DA:3082,0
DA:3085,0
DA:3088,0
DA:3091,0
DA:3094,0
DA:3097,0
DA:3100,0
DA:3103,0
DA:3106,0
DA:3109,0
DA:3112,0
DA:3115,0
DA:3118,0
DA:3121,0
DA:3124,0
DA:3127,0
DA:3130,0
DA:3133,0
DA:3136,0
DA:3139,0
DA:3142,0
DA:3145,0
DA:3148,0
DA:3151,0
DA:3154,0
DA:3157,0
DA:3160,0
DA:3163,0
DA:3166,0
DA:3169,0
DA:3172,0
DA:3175,0
DA:3178,0
DA:3181,0
DA:3184,0
DA:3187,0
DA:3190,0
DA:3193,0
DA:3196,0
DA:3199,0
DA:3202,0
DA:3205,0
DA:3208,0
DA:3211,0
DA:3214,0
DA:3217,0
DA:3220,0
DA:3223,0
DA:3226,0
DA:3229,0
DA:3232,0
DA:3235,0
DA:3238,0
DA:3241,0
DA:3244,0
DA:3247,0
DA:3250,0
DA:3253,0
DA:3256,0
DA:3259,0
DA:3262,0
DA:3265,0
DA:3268,0
DA:3271,0
DA:3274,0
DA:3277,0
DA:3280,0
DA:3283,0
DA:3286,0
DA:3289,0
DA:3292,0
DA:3295,0
DA:3298,0
DA:3301,0
DA:3304,0
DA:3307,0
DA:3310,0
DA:3313,0
DA:3316,0
DA:3319,0
DA:3322,0
DA:3325,0
DA:3328,0
DA:3331,0
DA:3334,0
DA:3337,0
DA:3340,0
DA:3343,0
DA:3346,0
DA:3349,0
DA:3352,0
DA:3355,0
DA:3358,0
DA:3361,0
DA:3364,0
DA:3367,0
DA:3370,0
DA:3373,0
DA:3376,0
DA:3379,0
DA:3382,0
DA:3385,0
DA:3388,0
DA:3391,0
DA:3394,0
DA:3397,0
DA:3400,0
DA:3403,0
DA:3406,0
DA:3409,0
DA:3412,0
DA:3415,0
DA:3418,0
DA:3421,0
DA:3424,0
DA:3427,0
DA:3430,0
DA:3433,0
DA:3436,0
DA:3439,0
DA:3442,0
DA:3445,0
DA:3448,0
DA:3451,0
DA:3454,0
DA:3457,0
DA:3460,0
DA:3463,0
DA:3466,0
DA:3469,0
DA:3472,0
DA:3475,0
DA:3478,0
DA:3481,0
DA:3484,0
DA:3487,0
DA:3490,0
DA:3493,0
DA:3496,0
DA:3499,0
DA:3502,0
DA:3505,0
DA:3508,0
DA:3511,0
DA:3514,0
DA:3517,0
DA:3520,0
DA:3523,0
DA:3526,0
DA:3529,0
DA:3532,0
DA:3535,0
DA:3538,0
DA:3541,0
DA:3544,0
DA:3547,0
DA:3550,0
DA:3553,0
DA:3556,0
DA:3559,0
DA:3562,0
DA:3565,0
DA:3568,0
DA:3571,0
DA:3574,0
DA:3577,0
DA:3580,0
DA:3583,0
DA:3586,0
DA:3589,0
DA:3592,0
DA:3595,0
DA:3598,0
DA:3601,0
DA:3604,0
DA:3607,0
DA:3610,0
DA:3613,0
DA:3616,0
DA:3619,0
DA:3622,0
DA:3625,0
DA:3628,0
DA:3631,0
DA:3634,0
DA:3637,0
DA:3640,0
DA:3643,0
DA:3646,0
DA:3649,0
DA:3652,0
DA:3655,0
DA:3658,0
DA:3661,0
DA:3664,0
DA:3667,0
DA:3670,0
DA:3673,0
DA:3676,0
DA:3679,0
DA:3682,0
DA:3685,0
DA:3688,0
DA:3691,0
DA:3694,0
DA:3697,0
DA:3700,0
DA:3703,0
DA:3706,0
DA:3709,0
DA:3712,0
DA:3715,0
DA:3718,0
DA:3721,0
DA:3724,0
DA:3727,0
DA:3730,0
DA:3733,0
DA:3736,0
DA:3739,0
DA:3742,0
DA:3745,0
DA:3748,0
DA:3751,0
DA:3754,0
DA:3757,0
DA:3760,0
DA:3763,0
DA:3766,0
DA:3769,0
DA:3772,0
DA:3775,0
DA:3778,0
DA:3781,0
DA:3784,0
DA:3787,0
DA:3790,0
DA:3793,0
DA:3796,0
DA:3799,0
DA:3802,0
DA:3805,0
DA:3808,0
DA:3811,0
DA:3814,0
DA:3817,0
DA:3820,0
DA:3823,0
DA:3826,0
DA:3829,0
DA:3832,0
DA:3835,0
DA:3838,0
DA:3841,0
DA:3844,0
DA:3847,0
DA:3850,0
DA:3853,0
DA:3856,0
DA:3859,0
DA:3862,0
DA:3865,0
DA:3868,0
DA:3871,0
DA:3874,0
DA:3877,0
DA:3880,0
DA:3883,0
DA:3886,0
DA:3889,0
DA:3892,0
DA:3895,0
DA:3898,0
DA:3901,0
DA:3904,0
DA:3907,0
DA:3910,0
DA:3913,0
DA:3916,0
DA:3919,0
DA:3922,0
DA:3925,0
DA:3928,0
DA:3931,0
DA:3934,0
DA:3937,0
DA:3940,0
DA:3943,0
DA:3946,0
DA:3949,0
DA:3952,0
DA:3955,0
LF:1330
LH:0
end_of_record
SF:lib/features/profile/presentation/widgets/profile_completeness_meter.dart
DA:7,1
DA:16,1
DA:18,3
DA:19,2
DA:20,3
DA:21,3
DA:23,1
DA:25,1
DA:27,1
DA:29,1
DA:30,1
DA:31,1
DA:37,2
DA:41,1
DA:42,1
DA:48,1
DA:49,0
DA:53,1
DA:54,1
DA:56,1
DA:62,1
DA:66,1
DA:67,2
DA:68,1
DA:70,1
DA:73,1
DA:76,2
DA:78,1
DA:80,1
DA:82,1
DA:83,1
DA:84,1
LF:32
LH:31
end_of_record
SF:lib/features/subscription/data/repositories/impl/stub_subscription_repository.dart
DA:19,1
DA:20,1
DA:23,1
DA:24,1
DA:25,1
DA:26,1
DA:27,0
DA:29,1
DA:31,3
DA:34,1
DA:35,1
DA:36,2
DA:37,1
DA:38,2
DA:41,1
DA:44,5
DA:45,2
DA:48,1
DA:50,1
DA:51,1
DA:52,1
DA:58,1
DA:61,1
DA:64,1
DA:67,1
DA:68,2
DA:69,2
DA:70,1
DA:73,1
DA:76,1
DA:80,3
DA:83,1
DA:86,1
DA:89,1
DA:92,1
DA:94,1
DA:96,1
DA:97,1
DA:98,1
DA:99,1
DA:102,1
DA:105,1
DA:108,1
DA:110,0
DA:117,1
DA:118,1
DA:119,1
DA:120,1
DA:121,1
DA:125,1
DA:126,2
DA:127,1
DA:129,1
DA:133,1
DA:134,2
DA:178,3
DA:180,2
DA:185,1
DA:189,1
DA:191,1
DA:193,2
DA:194,2
DA:201,1
DA:202,4
DA:206,1
DA:209,1
DA:211,1
DA:213,2
DA:214,2
DA:217,1
DA:222,1
DA:223,1
DA:228,1
DA:229,0
DA:235,1
DA:236,1
DA:237,0
DA:243,1
DA:245,1
DA:246,3
DA:248,2
DA:249,1
DA:250,1
DA:252,2
DA:253,2
DA:254,1
DA:255,1
DA:259,1
DA:260,3
DA:262,1
DA:263,1
DA:264,2
DA:265,2
DA:267,2
DA:268,1
DA:271,1
DA:272,0
DA:275,1
DA:276,0
DA:280,1
DA:282,1
DA:288,1
DA:290,1
DA:291,2
DA:294,2
DA:296,1
DA:297,1
DA:303,1
DA:304,1
DA:307,1
DA:308,1
DA:309,2
DA:310,3
DA:311,1
LF:114
LH:108
end_of_record
SF:lib/features/discovery/presentation/bloc/weekly_picks_cubit.dart
DA:12,1
DA:24,4
DA:25,3
DA:26,3
DA:27,2
DA:28,1
DA:29,7
DA:31,1
DA:37,1
DA:38,1
DA:39,1
DA:41,1
DA:45,1
DA:46,5
DA:51,1
DA:54,1
DA:55,5
DA:57,1
DA:68,1
DA:69,3
DA:72,2
DA:74,1
DA:75,4
DA:76,1
DA:77,3
DA:81,3
DA:83,0
DA:91,1
DA:92,2
DA:94,3
DA:99,1
DA:100,2
DA:102,3
DA:103,1
DA:108,1
DA:109,1
DA:113,1
DA:114,7
DA:115,6
DA:120,1
DA:121,5
DA:122,3
DA:123,3
DA:124,3
DA:129,3
DA:132,3
DA:134,1
DA:135,2
DA:136,1
DA:137,2
DA:138,1
DA:139,1
DA:143,1
DA:145,2
DA:146,2
DA:147,1
LF:56
LH:55
end_of_record
SF:lib/core/services/consent_service.dart
DA:8,1
DA:9,3
DA:17,2
DA:20,1
DA:21,2
DA:25,1
DA:26,1
DA:27,2
DA:28,1
DA:29,1
DA:30,1
DA:34,1
DA:35,1
DA:36,1
DA:37,1
DA:38,1
DA:42,1
DA:43,1
DA:44,1
LF:19
LH:19
end_of_record
SF:lib/features/feature_flags/data/models/feature_flags.dart
DA:8,1
DA:222,1
DA:223,1
DA:225,1
DA:226,1
DA:227,1
DA:228,1
DA:229,1
DA:230,1
DA:233,1
DA:234,1
DA:235,1
DA:236,1
DA:237,1
DA:238,1
DA:239,1
DA:243,1
DA:245,1
DA:247,1
DA:248,1
DA:249,1
DA:250,1
DA:251,1
DA:254,1
DA:255,1
DA:256,1
DA:257,1
DA:260,1
DA:261,1
DA:262,1
DA:264,1
DA:268,1
DA:270,1
DA:272,1
DA:274,1
DA:277,1
DA:278,1
DA:279,1
DA:280,1
DA:281,1
DA:284,1
DA:285,1
DA:286,1
DA:291,1
DA:292,1
DA:293,1
DA:294,1
DA:295,1
DA:296,1
DA:297,1
DA:298,1
DA:299,1
DA:300,1
DA:301,1
DA:302,1
DA:303,1
DA:304,1
DA:305,1
DA:306,1
DA:307,1
DA:308,1
DA:309,1
DA:310,1
DA:311,1
DA:312,1
DA:313,1
DA:314,1
DA:315,1
DA:316,1
DA:317,1
DA:318,1
DA:319,1
DA:320,1
DA:321,1
DA:322,1
DA:323,1
DA:324,1
DA:325,1
DA:326,1
DA:327,1
DA:328,1
DA:329,1
DA:330,1
DA:331,1
DA:332,1
DA:336,1
DA:378,1
DA:379,1
DA:380,1
DA:381,1
DA:382,1
DA:383,1
DA:384,1
DA:385,1
DA:386,1
DA:387,1
DA:388,1
DA:389,1
DA:391,1
DA:392,1
DA:394,1
DA:396,1
DA:398,1
DA:399,1
DA:400,1
DA:401,1
DA:402,1
DA:404,1
DA:405,1
DA:406,1
DA:408,1
DA:409,1
DA:410,1
DA:411,1
DA:413,1
DA:415,1
DA:417,1
DA:419,1
DA:421,1
DA:422,1
DA:423,1
DA:424,1
DA:425,1
DA:426,1
DA:427,1
DA:428,1
DA:429,1
DA:433,1
DA:434,1
DA:435,1
DA:436,1
DA:437,1
DA:438,1
DA:439,1
DA:440,1
DA:441,1
DA:442,1
DA:443,1
DA:444,1
DA:445,1
DA:446,1
DA:447,1
DA:448,1
DA:449,1
DA:450,1
DA:451,1
DA:452,1
DA:453,1
DA:454,1
DA:455,1
DA:456,1
DA:457,1
DA:458,1
DA:459,1
DA:460,1
DA:461,1
DA:462,1
DA:463,1
DA:464,1
DA:465,1
DA:466,1
DA:467,1
DA:468,1
DA:469,1
DA:470,1
DA:471,1
DA:472,1
DA:473,1
DA:474,1
LF:169
LH:169
end_of_record
SF:lib/features/feature_flags/presentation/bloc/feature_flag_cubit.dart
DA:11,1
DA:14,1
DA:15,5
DA:22,1
DA:23,3
DA:25,2
DA:26,3
DA:28,2
DA:29,2
DA:32,3
DA:34,1
DA:41,1
DA:42,3
DA:44,2
DA:45,3
DA:47,2
DA:48,2
DA:52,3
DA:54,1
DA:60,1
DA:61,3
DA:63,2
DA:64,3
DA:66,2
DA:67,2
DA:70,3
DA:72,1
DA:77,1
DA:78,3
DA:80,1
DA:89,3
DA:92,1
DA:93,2
DA:97,3
DA:100,3
DA:103,3
DA:106,3
DA:109,3
DA:111,1
DA:113,2
DA:114,1
DA:129,1
DA:136,1
DA:147,1
DA:148,2
DA:149,2
DA:151,3
DA:153,3
DA:155,1
DA:161,1
DA:162,1
DA:163,1
DA:164,1
LF:53
LH:53
end_of_record
SF:lib/core/services/content_moderation_service.dart
DA:11,1
DA:13,2
DA:14,1
DA:15,2
DA:20,0
DA:60,2
DA:61,2
DA:65,1
DA:66,1
DA:67,2
DA:68,3
DA:74,1
DA:75,1
DA:77,2
DA:78,1
DA:87,1
DA:89,1
DA:91,2
DA:92,1
DA:95,1
DA:96,1
DA:99,3
DA:109,1
DA:110,1
DA:111,2
DA:112,1
DA:113,2
DA:114,2
DA:115,3
DA:118,2
DA:119,3
DA:121,2
DA:124,1
DA:128,1
DA:129,1
DA:132,2
DA:133,3
DA:137,2
DA:140,2
DA:145,1
DA:146,1
DA:147,1
DA:148,0
DA:157,1
DA:159,2
DA:160,2
DA:161,0
DA:163,0
DA:164,0
DA:166,0
DA:167,0
DA:168,0
DA:169,0
DA:173,0
DA:176,0
DA:178,1
DA:180,3
DA:183,1
DA:186,0
DA:188,0
DA:192,1
DA:193,1
DA:196,1
DA:197,1
DA:205,1
DA:206,1
DA:214,1
DA:215,1
DA:223,1
DA:224,1
DA:231,1
DA:232,1
DA:233,4
DA:235,1
DA:239,0
DA:241,0
DA:242,0
DA:243,0
DA:244,0
DA:248,0
DA:250,0
DA:252,0
DA:254,0
DA:256,0
DA:264,1
DA:266,1
DA:271,1
DA:276,1
DA:281,1
DA:282,1
DA:283,1
DA:287,1
DA:290,1
DA:291,6
DA:292,2
DA:293,1
DA:295,3
DA:300,1
DA:301,1
DA:306,1
DA:310,1
DA:318,1
DA:319,1
DA:322,1
DA:332,2
DA:333,1
DA:348,0
DA:350,0
DA:351,0
DA:352,0
DA:353,0
DA:355,0
DA:356,0
DA:357,0
DA:359,0
DA:360,0
DA:362,0
DA:363,0
DA:364,0
DA:365,0
DA:367,0
DA:369,0
DA:374,0
DA:385,1
DA:389,1
DA:392,3
DA:393,1
DA:396,2
DA:397,1
DA:401,1
DA:402,2
DA:403,1
DA:406,1
DA:409,1
DA:426,1
DA:432,2
DA:433,1
DA:434,5
DA:435,1
DA:445,1
DA:451,2
DA:452,2
DA:453,2
DA:454,1
DA:487,1
DA:495,1
DA:496,2
DA:497,2
DA:498,2
DA:505,1
DA:506,1
DA:507,1
DA:511,1
DA:513,1
DA:515,1
DA:520,1
DA:550,1
DA:558,3
LF:158
LH:118
end_of_record
